2015/07/13 12:10:36 
2015/07/13 12:10:36 NEW LOG STARTED
2015/07/13 12:10:36 
2015/07/13 12:13:54 
2015/07/13 12:13:54 LOG STOPPED
2015/07/13 12:13:54 
2015/07/13 12:18:29 
2015/07/13 12:18:29 NEW LOG STARTED
2015/07/13 12:18:29 
2015/07/13 12:18:52 
2015/07/13 12:18:52 LOG STOPPED
2015/07/13 12:18:52 
2015/07/13 12:23:07 
2015/07/13 12:23:07 NEW LOG STARTED
2015/07/13 12:23:07 
2015/07/13 12:23:11 
2015/07/13 12:23:11 LOG STOPPED
2015/07/13 12:23:11 
2015/07/13 12:23:43 
2015/07/13 12:23:43 NEW LOG STARTED
2015/07/13 12:23:43 
2015/07/13 12:23:48 
2015/07/13 12:23:48 LOG STOPPED
2015/07/13 12:23:48 
2015/07/13 12:26:32 NEW LOG STARTED
2015/07/13 12:26:34 LOG STOPPED
2015/07/13 13:00:23 LOG STARTED
2015/07/13 13:00:38 LOG STOPPED
2015/07/13 13:03:30 LOG STARTED
2015/07/13 13:03:35 LOG STOPPED
2015/07/13 13:16:23 LOG STARTED
2015/07/13 13:16:23 LOG STOPPED
2015/07/13 13:19:38 LOG STARTED
2015/07/13 13:19:38 <nil>
2015/07/13 13:19:38 LOG STOPPED
2015/07/13 13:21:11 LOG STARTED
2015/07/13 13:21:17 LOG STOPPED
2015/07/13 13:21:20 LOG STARTED
2015/07/13 13:21:26 LOG STOPPED
2015/07/13 13:22:31 LOG STARTED
2015/07/13 13:22:54 LOG STOPPED
2015/07/13 13:22:55 LOG STARTED
2015/07/13 13:23:03 LOG STOPPED
2015/07/13 13:23:04 LOG STARTED
2015/07/13 13:23:08 LOG STOPPED
2015/07/13 13:23:09 LOG STARTED
2015/07/13 13:23:12 LOG STOPPED
2015/07/13 13:25:47 LOG STARTED
2015/07/13 13:26:20 LOG STOPPED
2015/07/13 13:31:53 LOG STARTED
2015/07/13 13:31:56 LOG STOPPED
2015/07/13 13:32:58 LOG STARTED
2015/07/13 13:33:02 LOG STOPPED
2015/07/13 13:33:20 LOG STARTED
2015/07/13 13:33:24 LOG STOPPED
2015/07/13 13:33:31 LOG STARTED
2015/07/13 13:33:52 LOG STOPPED
2015/07/13 13:38:39 LOG STARTED
2015/07/13 13:38:41 LOG STOPPED
2015/07/13 13:38:42 LOG STARTED
2015/07/13 13:38:47 LOG STOPPED
2015/07/13 13:38:54 LOG STARTED
2015/07/13 13:38:57 LOG STOPPED
2015/07/13 13:39:02 LOG STARTED
2015/07/13 13:39:04 LOG STOPPED
2015/07/13 13:52:19 LOG STARTED
2015/07/13 13:52:21 LOG STOPPED
2015/07/13 13:57:24 LOG STARTED
2015/07/13 14:01:59 LOG STOPPED
2015/07/13 14:02:00 LOG STARTED
2015/07/13 14:02:28 LOG STOPPED
2015/07/13 14:02:46 LOG STARTED
2015/07/13 14:03:25 LOG STOPPED
2015/07/13 14:03:28 LOG STARTED
2015/07/13 14:05:35 LOG STOPPED
2015/07/13 14:08:05 LOG STARTED
2015/07/13 14:08:42 LOG STOPPED
2015/07/13 14:08:43 LOG STARTED
2015/07/13 14:09:01 LOG STOPPED
2015/07/13 14:09:02 LOG STARTED
2015/07/13 14:09:17 LOG STOPPED
2015/07/13 14:09:21 LOG STARTED
2015/07/13 14:09:24 LOG STOPPED
2015/07/13 14:09:27 LOG STARTED
2015/07/13 14:11:06 LOG STOPPED
2015/07/13 14:11:07 LOG STARTED
2015/07/13 14:11:26 LOG STOPPED
2015/07/13 14:11:27 LOG STARTED
2015/07/13 14:11:41 LOG STOPPED
2015/07/13 14:11:42 LOG STARTED
2015/07/13 14:12:25 LOG STOPPED
2015/07/13 14:12:26 LOG STARTED
2015/07/13 14:12:38 LOG STOPPED
2015/07/13 14:12:39 LOG STARTED
2015/07/13 14:12:54 LOG STOPPED
2015/07/13 14:13:10 LOG STARTED
2015/07/13 14:25:47 LOG STOPPED
2015/07/13 14:26:07 LOG STARTED
2015/07/13 14:26:23 LOG STOPPED
2015/07/13 14:26:25 LOG STARTED
2015/07/13 14:26:42 LOG STOPPED
2015/07/13 14:33:29 LOG STARTED
2015/07/13 14:33:53 LOG STOPPED
2015/07/13 14:40:49 LOG STARTED
2015/07/13 14:41:01 LOG STOPPED
2015/07/13 14:41:41 LOG STARTED
2015/07/13 14:41:50 LOG STOPPED
2015/07/13 14:42:15 LOG STARTED
2015/07/13 14:42:15 RESIZE
2015/07/13 14:42:15 RESIZE
2015/07/13 14:42:16 RESIZE
2015/07/13 14:42:16 RESIZE
2015/07/13 14:42:16 RESIZE
2015/07/13 14:42:16 RESIZE
2015/07/13 14:42:18 RESIZE
2015/07/13 14:42:19 RESIZE
2015/07/13 14:42:19 RESIZE
2015/07/13 14:42:20 RESIZE
2015/07/13 14:42:20 RESIZE
2015/07/13 14:42:20 RESIZE
2015/07/13 14:42:20 RESIZE
2015/07/13 14:42:20 RESIZE
2015/07/13 14:42:20 RESIZE
2015/07/13 14:42:22 RESIZE
2015/07/13 14:42:22 RESIZE
2015/07/13 14:42:23 RESIZE
2015/07/13 14:42:23 RESIZE
2015/07/13 14:42:23 RESIZE
2015/07/13 14:42:23 RESIZE
2015/07/13 14:42:24 RESIZE
2015/07/13 14:42:26 LOG STOPPED
2015/07/13 14:45:17 LOG STARTED
2015/07/13 14:45:17 RESIZE
2015/07/13 14:45:17 RESIZE
2015/07/13 14:45:17 RESIZE
2015/07/13 14:45:17 RESIZE
2015/07/13 14:45:17 RESIZE
2015/07/13 14:45:17 RESIZE
2015/07/13 14:45:17 RESIZE
2015/07/13 14:45:17 RESIZE
2015/07/13 14:45:17 RESIZE
2015/07/13 14:45:17 RESIZE
2015/07/13 14:45:17 RESIZE
2015/07/13 14:45:17 RESIZE
2015/07/13 14:45:17 RESIZE
2015/07/13 14:45:17 RESIZE
2015/07/13 14:45:17 RESIZE
2015/07/13 14:45:17 RESIZE
2015/07/13 14:45:17 RESIZE
2015/07/13 14:45:17 RESIZE
2015/07/13 14:45:17 RESIZE
2015/07/13 14:45:17 RESIZE
2015/07/13 14:45:17 RESIZE
2015/07/13 14:45:17 RESIZE
2015/07/13 14:45:17 RESIZE
2015/07/13 14:45:17 RESIZE
2015/07/13 14:45:17 RESIZE
2015/07/13 14:45:17 RESIZE
2015/07/13 14:45:17 RESIZE
2015/07/13 14:45:17 RESIZE
2015/07/13 14:45:17 RESIZE
2015/07/13 14:45:17 RESIZE
2015/07/13 14:45:17 RESIZE
2015/07/13 14:45:17 RESIZE
2015/07/13 14:45:17 RESIZE
2015/07/13 14:45:17 RESIZE
2015/07/13 14:45:17 RESIZE
2015/07/13 14:45:17 RESIZE
2015/07/13 14:45:17 RESIZE
2015/07/13 14:45:17 RESIZE
2015/07/13 14:45:17 RESIZE
2015/07/13 14:45:17 RESIZE
2015/07/13 14:45:17 RESIZE
2015/07/13 14:45:17 RESIZE
2015/07/13 14:45:17 RESIZE
2015/07/13 14:45:17 RESIZE
2015/07/13 14:45:17 RESIZE
2015/07/13 14:45:17 RESIZE
2015/07/13 14:45:17 RESIZE
2015/07/13 14:45:17 RESIZE
2015/07/13 14:45:17 RESIZE
2015/07/13 14:45:17 RESIZE
2015/07/13 14:45:17 RESIZE
2015/07/13 14:45:17 RESIZE
2015/07/13 14:45:17 RESIZE
2015/07/13 14:45:17 RESIZE
2015/07/13 14:45:17 RESIZE
2015/07/13 14:45:17 RESIZE
2015/07/13 14:45:17 RESIZE
2015/07/13 14:45:17 RESIZE
2015/07/13 14:45:17 RESIZE
2015/07/13 14:45:18 RESIZE
2015/07/13 14:45:18 RESIZE
2015/07/13 14:45:18 RESIZE
2015/07/13 14:45:18 RESIZE
2015/07/13 14:45:18 RESIZE
2015/07/13 14:45:18 RESIZE
2015/07/13 14:45:18 RESIZE
2015/07/13 14:45:18 RESIZE
2015/07/13 14:45:18 RESIZE
2015/07/13 14:45:18 RESIZE
2015/07/13 14:45:18 RESIZE
2015/07/13 14:45:18 RESIZE
2015/07/13 14:45:18 RESIZE
2015/07/13 14:45:18 RESIZE
2015/07/13 14:45:18 RESIZE
2015/07/13 14:45:18 RESIZE
2015/07/13 14:45:18 RESIZE
2015/07/13 14:45:18 RESIZE
2015/07/13 14:45:18 RESIZE
2015/07/13 14:45:18 RESIZE
2015/07/13 14:45:18 RESIZE
2015/07/13 14:45:18 RESIZE
2015/07/13 14:45:18 RESIZE
2015/07/13 14:45:18 RESIZE
2015/07/13 14:45:18 RESIZE
2015/07/13 14:45:18 RESIZE
2015/07/13 14:45:18 RESIZE
2015/07/13 14:45:18 RESIZE
2015/07/13 14:45:18 RESIZE
2015/07/13 14:45:18 RESIZE
2015/07/13 14:45:18 RESIZE
2015/07/13 14:45:18 RESIZE
2015/07/13 14:45:18 RESIZE
2015/07/13 14:45:18 RESIZE
2015/07/13 14:45:18 RESIZE
2015/07/13 14:45:18 RESIZE
2015/07/13 14:45:18 RESIZE
2015/07/13 14:45:18 RESIZE
2015/07/13 14:45:18 RESIZE
2015/07/13 14:45:18 RESIZE
2015/07/13 14:45:18 RESIZE
2015/07/13 14:45:18 RESIZE
2015/07/13 14:45:18 RESIZE
2015/07/13 14:45:18 RESIZE
2015/07/13 14:45:18 RESIZE
2015/07/13 14:45:18 RESIZE
2015/07/13 14:45:18 RESIZE
2015/07/13 14:45:18 RESIZE
2015/07/13 14:45:18 RESIZE
2015/07/13 14:45:18 RESIZE
2015/07/13 14:45:18 RESIZE
2015/07/13 14:45:18 RESIZE
2015/07/13 14:45:18 RESIZE
2015/07/13 14:45:18 RESIZE
2015/07/13 14:45:18 RESIZE
2015/07/13 14:45:18 RESIZE
2015/07/13 14:45:18 RESIZE
2015/07/13 14:45:18 RESIZE
2015/07/13 14:45:18 RESIZE
2015/07/13 14:45:18 RESIZE
2015/07/13 14:45:18 RESIZE
2015/07/13 14:45:18 RESIZE
2015/07/13 14:45:18 RESIZE
2015/07/13 14:45:18 RESIZE
2015/07/13 14:45:18 RESIZE
2015/07/13 14:45:18 RESIZE
2015/07/13 14:45:18 RESIZE
2015/07/13 14:45:18 RESIZE
2015/07/13 14:45:18 RESIZE
2015/07/13 14:45:18 RESIZE
2015/07/13 14:45:18 RESIZE
2015/07/13 14:45:18 RESIZE
2015/07/13 14:45:18 RESIZE
2015/07/13 14:45:18 RESIZE
2015/07/13 14:45:18 RESIZE
2015/07/13 14:45:18 RESIZE
2015/07/13 14:45:18 RESIZE
2015/07/13 14:45:18 RESIZE
2015/07/13 14:45:18 RESIZE
2015/07/13 14:45:18 RESIZE
2015/07/13 14:45:18 RESIZE
2015/07/13 14:45:18 RESIZE
2015/07/13 14:45:18 RESIZE
2015/07/13 14:45:18 RESIZE
2015/07/13 14:45:18 RESIZE
2015/07/13 14:45:18 RESIZE
2015/07/13 14:45:18 RESIZE
2015/07/13 14:45:18 RESIZE
2015/07/13 14:45:18 RESIZE
2015/07/13 14:45:18 RESIZE
2015/07/13 14:45:18 RESIZE
2015/07/13 14:45:18 RESIZE
2015/07/13 14:45:18 RESIZE
2015/07/13 14:45:18 RESIZE
2015/07/13 14:45:18 RESIZE
2015/07/13 14:45:18 RESIZE
2015/07/13 14:45:18 RESIZE
2015/07/13 14:45:18 RESIZE
2015/07/13 14:45:18 RESIZE
2015/07/13 14:45:18 RESIZE
2015/07/13 14:45:18 RESIZE
2015/07/13 14:45:18 RESIZE
2015/07/13 14:45:18 RESIZE
2015/07/13 14:45:18 RESIZE
2015/07/13 14:45:18 RESIZE
2015/07/13 14:45:18 RESIZE
2015/07/13 14:45:19 RESIZE
2015/07/13 14:45:19 RESIZE
2015/07/13 14:45:19 RESIZE
2015/07/13 14:45:19 RESIZE
2015/07/13 14:45:19 RESIZE
2015/07/13 14:45:19 RESIZE
2015/07/13 14:45:19 RESIZE
2015/07/13 14:45:19 RESIZE
2015/07/13 14:45:19 RESIZE
2015/07/13 14:45:19 RESIZE
2015/07/13 14:45:19 RESIZE
2015/07/13 14:45:19 RESIZE
2015/07/13 14:45:19 RESIZE
2015/07/13 14:45:19 RESIZE
2015/07/13 14:45:19 RESIZE
2015/07/13 14:45:19 RESIZE
2015/07/13 14:45:19 RESIZE
2015/07/13 14:45:19 RESIZE
2015/07/13 14:45:19 RESIZE
2015/07/13 14:45:19 RESIZE
2015/07/13 14:45:19 RESIZE
2015/07/13 14:45:19 RESIZE
2015/07/13 14:45:19 RESIZE
2015/07/13 14:45:19 RESIZE
2015/07/13 14:45:19 RESIZE
2015/07/13 14:45:19 RESIZE
2015/07/13 14:45:19 RESIZE
2015/07/13 14:45:19 RESIZE
2015/07/13 14:45:19 RESIZE
2015/07/13 14:45:19 RESIZE
2015/07/13 14:45:19 RESIZE
2015/07/13 14:45:19 RESIZE
2015/07/13 14:45:19 RESIZE
2015/07/13 14:45:19 RESIZE
2015/07/13 14:45:19 RESIZE
2015/07/13 14:45:19 RESIZE
2015/07/13 14:45:19 RESIZE
2015/07/13 14:45:19 RESIZE
2015/07/13 14:45:19 RESIZE
2015/07/13 14:45:19 RESIZE
2015/07/13 14:45:19 RESIZE
2015/07/13 14:45:19 RESIZE
2015/07/13 14:45:19 RESIZE
2015/07/13 14:45:19 RESIZE
2015/07/13 14:45:19 RESIZE
2015/07/13 14:45:19 RESIZE
2015/07/13 14:45:19 RESIZE
2015/07/13 14:45:19 RESIZE
2015/07/13 14:45:19 RESIZE
2015/07/13 14:45:19 RESIZE
2015/07/13 14:45:19 RESIZE
2015/07/13 14:45:19 RESIZE
2015/07/13 14:45:19 RESIZE
2015/07/13 14:45:19 RESIZE
2015/07/13 14:45:19 RESIZE
2015/07/13 14:45:19 RESIZE
2015/07/13 14:45:19 RESIZE
2015/07/13 14:45:19 RESIZE
2015/07/13 14:45:19 RESIZE
2015/07/13 14:45:19 RESIZE
2015/07/13 14:45:19 RESIZE
2015/07/13 14:45:19 RESIZE
2015/07/13 14:45:19 RESIZE
2015/07/13 14:45:19 RESIZE
2015/07/13 14:45:19 RESIZE
2015/07/13 14:45:19 RESIZE
2015/07/13 14:45:19 RESIZE
2015/07/13 14:45:19 RESIZE
2015/07/13 14:45:19 RESIZE
2015/07/13 14:45:19 RESIZE
2015/07/13 14:45:19 RESIZE
2015/07/13 14:45:19 RESIZE
2015/07/13 14:45:19 RESIZE
2015/07/13 14:45:19 RESIZE
2015/07/13 14:45:19 RESIZE
2015/07/13 14:45:19 RESIZE
2015/07/13 14:45:19 RESIZE
2015/07/13 14:45:19 RESIZE
2015/07/13 14:45:19 RESIZE
2015/07/13 14:45:19 RESIZE
2015/07/13 14:45:19 RESIZE
2015/07/13 14:45:19 RESIZE
2015/07/13 14:45:19 RESIZE
2015/07/13 14:45:19 RESIZE
2015/07/13 14:45:19 RESIZE
2015/07/13 14:45:19 RESIZE
2015/07/13 14:45:19 RESIZE
2015/07/13 14:45:19 RESIZE
2015/07/13 14:45:19 RESIZE
2015/07/13 14:45:19 RESIZE
2015/07/13 14:45:19 RESIZE
2015/07/13 14:45:19 RESIZE
2015/07/13 14:45:19 RESIZE
2015/07/13 14:45:19 RESIZE
2015/07/13 14:45:19 RESIZE
2015/07/13 14:45:19 RESIZE
2015/07/13 14:45:19 RESIZE
2015/07/13 14:45:19 RESIZE
2015/07/13 14:45:19 RESIZE
2015/07/13 14:45:19 RESIZE
2015/07/13 14:45:19 RESIZE
2015/07/13 14:45:19 RESIZE
2015/07/13 14:45:19 RESIZE
2015/07/13 14:45:19 RESIZE
2015/07/13 14:45:19 RESIZE
2015/07/13 14:45:19 RESIZE
2015/07/13 14:45:20 RESIZE
2015/07/13 14:45:20 RESIZE
2015/07/13 14:45:20 RESIZE
2015/07/13 14:45:20 RESIZE
2015/07/13 14:45:20 RESIZE
2015/07/13 14:45:20 RESIZE
2015/07/13 14:45:20 RESIZE
2015/07/13 14:45:20 RESIZE
2015/07/13 14:45:20 RESIZE
2015/07/13 14:45:20 RESIZE
2015/07/13 14:45:20 RESIZE
2015/07/13 14:45:20 RESIZE
2015/07/13 14:45:20 RESIZE
2015/07/13 14:45:20 RESIZE
2015/07/13 14:45:20 RESIZE
2015/07/13 14:45:20 RESIZE
2015/07/13 14:45:20 RESIZE
2015/07/13 14:45:20 RESIZE
2015/07/13 14:45:20 RESIZE
2015/07/13 14:45:20 RESIZE
2015/07/13 14:45:20 RESIZE
2015/07/13 14:45:20 RESIZE
2015/07/13 14:45:20 RESIZE
2015/07/13 14:45:20 RESIZE
2015/07/13 14:45:20 RESIZE
2015/07/13 14:45:20 RESIZE
2015/07/13 14:45:20 RESIZE
2015/07/13 14:45:20 RESIZE
2015/07/13 14:45:20 RESIZE
2015/07/13 14:45:20 RESIZE
2015/07/13 14:45:20 RESIZE
2015/07/13 14:45:20 RESIZE
2015/07/13 14:45:20 RESIZE
2015/07/13 14:45:20 RESIZE
2015/07/13 14:45:20 RESIZE
2015/07/13 14:45:20 RESIZE
2015/07/13 14:45:20 RESIZE
2015/07/13 14:45:20 RESIZE
2015/07/13 14:45:20 RESIZE
2015/07/13 14:45:20 RESIZE
2015/07/13 14:45:20 RESIZE
2015/07/13 14:45:20 RESIZE
2015/07/13 14:45:20 RESIZE
2015/07/13 14:45:20 RESIZE
2015/07/13 14:45:20 RESIZE
2015/07/13 14:45:20 RESIZE
2015/07/13 14:45:20 RESIZE
2015/07/13 14:45:20 RESIZE
2015/07/13 14:45:20 RESIZE
2015/07/13 14:45:20 RESIZE
2015/07/13 14:45:20 RESIZE
2015/07/13 14:45:20 RESIZE
2015/07/13 14:45:20 RESIZE
2015/07/13 14:45:20 RESIZE
2015/07/13 14:45:20 RESIZE
2015/07/13 14:45:20 RESIZE
2015/07/13 14:45:20 RESIZE
2015/07/13 14:45:20 RESIZE
2015/07/13 14:45:20 RESIZE
2015/07/13 14:45:20 RESIZE
2015/07/13 14:45:20 RESIZE
2015/07/13 14:45:20 RESIZE
2015/07/13 14:45:20 RESIZE
2015/07/13 14:45:20 RESIZE
2015/07/13 14:45:20 RESIZE
2015/07/13 14:45:20 RESIZE
2015/07/13 14:45:20 RESIZE
2015/07/13 14:45:20 RESIZE
2015/07/13 14:45:20 RESIZE
2015/07/13 14:45:20 RESIZE
2015/07/13 14:45:20 RESIZE
2015/07/13 14:45:20 RESIZE
2015/07/13 14:45:20 RESIZE
2015/07/13 14:45:20 RESIZE
2015/07/13 14:45:20 RESIZE
2015/07/13 14:45:20 RESIZE
2015/07/13 14:45:20 RESIZE
2015/07/13 14:45:20 RESIZE
2015/07/13 14:45:20 RESIZE
2015/07/13 14:45:20 RESIZE
2015/07/13 14:45:20 RESIZE
2015/07/13 14:45:20 RESIZE
2015/07/13 14:45:20 RESIZE
2015/07/13 14:45:20 RESIZE
2015/07/13 14:45:20 RESIZE
2015/07/13 14:45:20 RESIZE
2015/07/13 14:45:20 RESIZE
2015/07/13 14:45:20 RESIZE
2015/07/13 14:45:20 RESIZE
2015/07/13 14:45:20 RESIZE
2015/07/13 14:45:20 RESIZE
2015/07/13 14:45:20 RESIZE
2015/07/13 14:45:20 RESIZE
2015/07/13 14:45:20 RESIZE
2015/07/13 14:45:20 RESIZE
2015/07/13 14:45:20 RESIZE
2015/07/13 14:45:20 RESIZE
2015/07/13 14:45:20 RESIZE
2015/07/13 14:45:20 RESIZE
2015/07/13 14:45:20 RESIZE
2015/07/13 14:45:20 RESIZE
2015/07/13 14:45:20 RESIZE
2015/07/13 14:45:20 RESIZE
2015/07/13 14:45:20 RESIZE
2015/07/13 14:45:20 RESIZE
2015/07/13 14:45:20 RESIZE
2015/07/13 14:45:21 RESIZE
2015/07/13 14:45:21 RESIZE
2015/07/13 14:45:21 RESIZE
2015/07/13 14:45:21 RESIZE
2015/07/13 14:45:21 RESIZE
2015/07/13 14:45:21 RESIZE
2015/07/13 14:45:21 RESIZE
2015/07/13 14:45:21 RESIZE
2015/07/13 14:45:21 RESIZE
2015/07/13 14:45:21 RESIZE
2015/07/13 14:45:21 RESIZE
2015/07/13 14:45:21 RESIZE
2015/07/13 14:45:21 RESIZE
2015/07/13 14:45:21 RESIZE
2015/07/13 14:45:21 RESIZE
2015/07/13 14:45:21 RESIZE
2015/07/13 14:45:21 RESIZE
2015/07/13 14:45:21 RESIZE
2015/07/13 14:45:21 RESIZE
2015/07/13 14:45:21 RESIZE
2015/07/13 14:45:21 RESIZE
2015/07/13 14:45:21 RESIZE
2015/07/13 14:45:21 RESIZE
2015/07/13 14:45:21 RESIZE
2015/07/13 14:45:21 RESIZE
2015/07/13 14:45:21 RESIZE
2015/07/13 14:45:21 RESIZE
2015/07/13 14:45:21 RESIZE
2015/07/13 14:45:21 RESIZE
2015/07/13 14:45:21 RESIZE
2015/07/13 14:45:21 RESIZE
2015/07/13 14:45:21 RESIZE
2015/07/13 14:45:21 RESIZE
2015/07/13 14:45:21 RESIZE
2015/07/13 14:45:21 RESIZE
2015/07/13 14:45:21 RESIZE
2015/07/13 14:45:21 RESIZE
2015/07/13 14:45:21 RESIZE
2015/07/13 14:45:21 RESIZE
2015/07/13 14:45:21 RESIZE
2015/07/13 14:45:21 RESIZE
2015/07/13 14:45:21 RESIZE
2015/07/13 14:45:21 RESIZE
2015/07/13 14:45:21 RESIZE
2015/07/13 14:45:21 RESIZE
2015/07/13 14:45:21 RESIZE
2015/07/13 14:45:21 RESIZE
2015/07/13 14:45:21 RESIZE
2015/07/13 14:45:21 RESIZE
2015/07/13 14:45:21 RESIZE
2015/07/13 14:45:21 RESIZE
2015/07/13 14:45:21 RESIZE
2015/07/13 14:45:21 RESIZE
2015/07/13 14:45:21 RESIZE
2015/07/13 14:45:21 RESIZE
2015/07/13 14:45:21 RESIZE
2015/07/13 14:45:21 RESIZE
2015/07/13 14:45:21 RESIZE
2015/07/13 14:45:21 RESIZE
2015/07/13 14:45:21 RESIZE
2015/07/13 14:45:21 RESIZE
2015/07/13 14:45:21 RESIZE
2015/07/13 14:45:21 RESIZE
2015/07/13 14:45:21 RESIZE
2015/07/13 14:45:21 RESIZE
2015/07/13 14:45:21 RESIZE
2015/07/13 14:45:21 RESIZE
2015/07/13 14:45:21 RESIZE
2015/07/13 14:45:21 RESIZE
2015/07/13 14:45:21 RESIZE
2015/07/13 14:45:21 RESIZE
2015/07/13 14:45:21 RESIZE
2015/07/13 14:45:21 RESIZE
2015/07/13 14:45:21 RESIZE
2015/07/13 14:45:21 RESIZE
2015/07/13 14:45:21 RESIZE
2015/07/13 14:45:21 RESIZE
2015/07/13 14:45:21 RESIZE
2015/07/13 14:45:21 RESIZE
2015/07/13 14:45:21 RESIZE
2015/07/13 14:45:21 RESIZE
2015/07/13 14:45:21 RESIZE
2015/07/13 14:45:21 RESIZE
2015/07/13 14:45:21 RESIZE
2015/07/13 14:45:21 RESIZE
2015/07/13 14:45:21 RESIZE
2015/07/13 14:45:21 RESIZE
2015/07/13 14:45:21 RESIZE
2015/07/13 14:45:21 RESIZE
2015/07/13 14:45:21 RESIZE
2015/07/13 14:45:21 RESIZE
2015/07/13 14:45:21 RESIZE
2015/07/13 14:45:21 RESIZE
2015/07/13 14:45:21 RESIZE
2015/07/13 14:45:21 RESIZE
2015/07/13 14:45:21 RESIZE
2015/07/13 14:45:21 RESIZE
2015/07/13 14:45:21 RESIZE
2015/07/13 14:45:21 RESIZE
2015/07/13 14:45:21 RESIZE
2015/07/13 14:45:21 RESIZE
2015/07/13 14:45:21 RESIZE
2015/07/13 14:45:21 RESIZE
2015/07/13 14:45:21 RESIZE
2015/07/13 14:45:21 RESIZE
2015/07/13 14:45:21 RESIZE
2015/07/13 14:45:22 RESIZE
2015/07/13 14:45:22 RESIZE
2015/07/13 14:45:22 RESIZE
2015/07/13 14:45:22 RESIZE
2015/07/13 14:45:22 RESIZE
2015/07/13 14:45:22 RESIZE
2015/07/13 14:45:22 RESIZE
2015/07/13 14:45:22 RESIZE
2015/07/13 14:45:22 RESIZE
2015/07/13 14:45:22 RESIZE
2015/07/13 14:45:22 RESIZE
2015/07/13 14:45:22 RESIZE
2015/07/13 14:45:22 RESIZE
2015/07/13 14:45:22 RESIZE
2015/07/13 14:45:22 RESIZE
2015/07/13 14:45:22 RESIZE
2015/07/13 14:45:22 RESIZE
2015/07/13 14:45:22 RESIZE
2015/07/13 14:45:22 RESIZE
2015/07/13 14:45:22 RESIZE
2015/07/13 14:45:22 RESIZE
2015/07/13 14:45:22 RESIZE
2015/07/13 14:45:22 RESIZE
2015/07/13 14:45:22 RESIZE
2015/07/13 14:45:22 RESIZE
2015/07/13 14:45:22 RESIZE
2015/07/13 14:45:22 RESIZE
2015/07/13 14:45:22 RESIZE
2015/07/13 14:45:22 RESIZE
2015/07/13 14:45:22 RESIZE
2015/07/13 14:45:22 RESIZE
2015/07/13 14:45:22 RESIZE
2015/07/13 14:45:22 RESIZE
2015/07/13 14:45:22 RESIZE
2015/07/13 14:45:22 RESIZE
2015/07/13 14:45:22 RESIZE
2015/07/13 14:45:22 RESIZE
2015/07/13 14:45:22 RESIZE
2015/07/13 14:45:22 RESIZE
2015/07/13 14:45:22 RESIZE
2015/07/13 14:45:22 RESIZE
2015/07/13 14:45:22 RESIZE
2015/07/13 14:45:22 RESIZE
2015/07/13 14:45:22 RESIZE
2015/07/13 14:45:22 RESIZE
2015/07/13 14:45:22 RESIZE
2015/07/13 14:45:22 RESIZE
2015/07/13 14:45:22 RESIZE
2015/07/13 14:45:22 RESIZE
2015/07/13 14:45:22 RESIZE
2015/07/13 14:45:22 RESIZE
2015/07/13 14:45:22 RESIZE
2015/07/13 14:45:22 RESIZE
2015/07/13 14:45:22 RESIZE
2015/07/13 14:45:22 RESIZE
2015/07/13 14:45:22 RESIZE
2015/07/13 14:45:22 RESIZE
2015/07/13 14:45:22 RESIZE
2015/07/13 14:45:22 RESIZE
2015/07/13 14:45:22 RESIZE
2015/07/13 14:45:22 RESIZE
2015/07/13 14:45:22 RESIZE
2015/07/13 14:45:22 RESIZE
2015/07/13 14:45:22 RESIZE
2015/07/13 14:45:22 RESIZE
2015/07/13 14:45:22 RESIZE
2015/07/13 14:45:22 RESIZE
2015/07/13 14:45:22 RESIZE
2015/07/13 14:45:22 RESIZE
2015/07/13 14:45:22 RESIZE
2015/07/13 14:45:22 RESIZE
2015/07/13 14:45:22 RESIZE
2015/07/13 14:45:22 RESIZE
2015/07/13 14:45:22 RESIZE
2015/07/13 14:45:22 RESIZE
2015/07/13 14:45:22 RESIZE
2015/07/13 14:45:22 RESIZE
2015/07/13 14:45:22 RESIZE
2015/07/13 14:45:22 RESIZE
2015/07/13 14:45:22 RESIZE
2015/07/13 14:45:22 RESIZE
2015/07/13 14:45:22 RESIZE
2015/07/13 14:45:22 RESIZE
2015/07/13 14:45:22 RESIZE
2015/07/13 14:45:22 RESIZE
2015/07/13 14:45:22 RESIZE
2015/07/13 14:45:22 RESIZE
2015/07/13 14:45:22 RESIZE
2015/07/13 14:45:22 RESIZE
2015/07/13 14:45:22 RESIZE
2015/07/13 14:45:22 RESIZE
2015/07/13 14:45:22 RESIZE
2015/07/13 14:45:22 RESIZE
2015/07/13 14:45:22 RESIZE
2015/07/13 14:45:22 RESIZE
2015/07/13 14:45:22 RESIZE
2015/07/13 14:45:22 RESIZE
2015/07/13 14:45:22 RESIZE
2015/07/13 14:45:22 RESIZE
2015/07/13 14:45:22 RESIZE
2015/07/13 14:45:22 RESIZE
2015/07/13 14:45:22 RESIZE
2015/07/13 14:45:22 RESIZE
2015/07/13 14:45:22 RESIZE
2015/07/13 14:45:22 RESIZE
2015/07/13 14:45:22 RESIZE
2015/07/13 14:45:23 RESIZE
2015/07/13 14:45:23 RESIZE
2015/07/13 14:45:23 RESIZE
2015/07/13 14:45:23 RESIZE
2015/07/13 14:45:23 RESIZE
2015/07/13 14:45:23 RESIZE
2015/07/13 14:45:23 RESIZE
2015/07/13 14:45:23 RESIZE
2015/07/13 14:45:23 RESIZE
2015/07/13 14:45:23 RESIZE
2015/07/13 14:45:23 RESIZE
2015/07/13 14:45:23 RESIZE
2015/07/13 14:45:23 RESIZE
2015/07/13 14:45:23 RESIZE
2015/07/13 14:45:23 RESIZE
2015/07/13 14:45:23 RESIZE
2015/07/13 14:45:23 RESIZE
2015/07/13 14:45:23 RESIZE
2015/07/13 14:45:23 RESIZE
2015/07/13 14:45:23 RESIZE
2015/07/13 14:45:23 RESIZE
2015/07/13 14:45:23 RESIZE
2015/07/13 14:45:23 RESIZE
2015/07/13 14:45:23 RESIZE
2015/07/13 14:45:23 RESIZE
2015/07/13 14:45:23 RESIZE
2015/07/13 14:45:23 RESIZE
2015/07/13 14:45:23 RESIZE
2015/07/13 14:45:23 RESIZE
2015/07/13 14:45:23 RESIZE
2015/07/13 14:45:23 RESIZE
2015/07/13 14:45:23 RESIZE
2015/07/13 14:45:23 RESIZE
2015/07/13 14:45:23 RESIZE
2015/07/13 14:45:23 RESIZE
2015/07/13 14:45:23 RESIZE
2015/07/13 14:45:23 RESIZE
2015/07/13 14:45:23 RESIZE
2015/07/13 14:45:23 RESIZE
2015/07/13 14:45:23 RESIZE
2015/07/13 14:45:23 RESIZE
2015/07/13 14:45:23 RESIZE
2015/07/13 14:45:23 RESIZE
2015/07/13 14:45:23 RESIZE
2015/07/13 14:45:23 RESIZE
2015/07/13 14:45:23 RESIZE
2015/07/13 14:45:23 RESIZE
2015/07/13 14:45:23 RESIZE
2015/07/13 14:45:23 RESIZE
2015/07/13 14:45:23 RESIZE
2015/07/13 14:45:23 RESIZE
2015/07/13 14:45:23 RESIZE
2015/07/13 14:45:23 RESIZE
2015/07/13 14:45:23 RESIZE
2015/07/13 14:45:23 RESIZE
2015/07/13 14:45:23 RESIZE
2015/07/13 14:45:23 RESIZE
2015/07/13 14:45:23 RESIZE
2015/07/13 14:45:23 RESIZE
2015/07/13 14:45:23 RESIZE
2015/07/13 14:45:23 RESIZE
2015/07/13 14:45:23 RESIZE
2015/07/13 14:45:23 RESIZE
2015/07/13 14:45:23 RESIZE
2015/07/13 14:45:23 RESIZE
2015/07/13 14:45:23 RESIZE
2015/07/13 14:45:23 RESIZE
2015/07/13 14:45:23 RESIZE
2015/07/13 14:45:23 RESIZE
2015/07/13 14:45:23 RESIZE
2015/07/13 14:45:23 RESIZE
2015/07/13 14:45:23 RESIZE
2015/07/13 14:45:23 RESIZE
2015/07/13 14:45:23 RESIZE
2015/07/13 14:45:23 RESIZE
2015/07/13 14:45:23 RESIZE
2015/07/13 14:45:23 RESIZE
2015/07/13 14:45:23 RESIZE
2015/07/13 14:45:23 RESIZE
2015/07/13 14:45:23 RESIZE
2015/07/13 14:45:23 RESIZE
2015/07/13 14:45:23 RESIZE
2015/07/13 14:45:23 RESIZE
2015/07/13 14:45:23 RESIZE
2015/07/13 14:45:23 RESIZE
2015/07/13 14:45:23 RESIZE
2015/07/13 14:45:23 RESIZE
2015/07/13 14:45:23 RESIZE
2015/07/13 14:45:23 RESIZE
2015/07/13 14:45:23 RESIZE
2015/07/13 14:45:23 RESIZE
2015/07/13 14:45:23 RESIZE
2015/07/13 14:45:23 RESIZE
2015/07/13 14:45:23 RESIZE
2015/07/13 14:45:23 RESIZE
2015/07/13 14:45:23 RESIZE
2015/07/13 14:45:23 RESIZE
2015/07/13 14:45:23 RESIZE
2015/07/13 14:45:23 RESIZE
2015/07/13 14:45:23 RESIZE
2015/07/13 14:45:23 RESIZE
2015/07/13 14:45:23 RESIZE
2015/07/13 14:45:23 RESIZE
2015/07/13 14:45:23 RESIZE
2015/07/13 14:45:23 RESIZE
2015/07/13 14:45:23 RESIZE
2015/07/13 14:45:24 RESIZE
2015/07/13 14:45:24 RESIZE
2015/07/13 14:45:24 RESIZE
2015/07/13 14:45:24 RESIZE
2015/07/13 14:45:24 RESIZE
2015/07/13 14:45:24 RESIZE
2015/07/13 14:45:24 RESIZE
2015/07/13 14:45:24 RESIZE
2015/07/13 14:45:24 RESIZE
2015/07/13 14:45:24 RESIZE
2015/07/13 14:45:24 RESIZE
2015/07/13 14:45:24 RESIZE
2015/07/13 14:45:24 RESIZE
2015/07/13 14:45:24 RESIZE
2015/07/13 14:45:24 RESIZE
2015/07/13 14:45:24 RESIZE
2015/07/13 14:45:24 RESIZE
2015/07/13 14:45:24 RESIZE
2015/07/13 14:45:24 RESIZE
2015/07/13 14:45:24 RESIZE
2015/07/13 14:45:24 RESIZE
2015/07/13 14:45:24 RESIZE
2015/07/13 14:45:24 RESIZE
2015/07/13 14:45:24 RESIZE
2015/07/13 14:45:24 RESIZE
2015/07/13 14:45:24 RESIZE
2015/07/13 14:45:24 RESIZE
2015/07/13 14:45:24 RESIZE
2015/07/13 14:45:24 RESIZE
2015/07/13 14:45:24 RESIZE
2015/07/13 14:45:24 RESIZE
2015/07/13 14:45:24 RESIZE
2015/07/13 14:45:24 RESIZE
2015/07/13 14:45:24 RESIZE
2015/07/13 14:45:24 RESIZE
2015/07/13 14:45:24 RESIZE
2015/07/13 14:45:24 RESIZE
2015/07/13 14:45:24 RESIZE
2015/07/13 14:45:24 RESIZE
2015/07/13 14:45:24 RESIZE
2015/07/13 14:45:24 RESIZE
2015/07/13 14:45:24 RESIZE
2015/07/13 14:45:24 RESIZE
2015/07/13 14:45:24 RESIZE
2015/07/13 14:45:24 RESIZE
2015/07/13 14:45:24 RESIZE
2015/07/13 14:45:24 RESIZE
2015/07/13 14:45:24 RESIZE
2015/07/13 14:45:24 RESIZE
2015/07/13 14:45:24 RESIZE
2015/07/13 14:45:24 RESIZE
2015/07/13 14:45:24 RESIZE
2015/07/13 14:45:24 RESIZE
2015/07/13 14:45:24 RESIZE
2015/07/13 14:45:24 RESIZE
2015/07/13 14:45:24 RESIZE
2015/07/13 14:45:24 RESIZE
2015/07/13 14:45:24 RESIZE
2015/07/13 14:45:24 RESIZE
2015/07/13 14:45:24 RESIZE
2015/07/13 14:45:24 RESIZE
2015/07/13 14:45:24 RESIZE
2015/07/13 14:45:24 RESIZE
2015/07/13 14:45:24 RESIZE
2015/07/13 14:45:24 RESIZE
2015/07/13 14:45:24 RESIZE
2015/07/13 14:45:24 RESIZE
2015/07/13 14:45:24 RESIZE
2015/07/13 14:45:24 RESIZE
2015/07/13 14:45:24 RESIZE
2015/07/13 14:45:24 RESIZE
2015/07/13 14:45:24 RESIZE
2015/07/13 14:45:24 RESIZE
2015/07/13 14:45:24 RESIZE
2015/07/13 14:45:24 RESIZE
2015/07/13 14:45:24 RESIZE
2015/07/13 14:45:24 RESIZE
2015/07/13 14:45:24 RESIZE
2015/07/13 14:45:24 RESIZE
2015/07/13 14:45:24 RESIZE
2015/07/13 14:45:24 RESIZE
2015/07/13 14:45:24 RESIZE
2015/07/13 14:45:24 RESIZE
2015/07/13 14:45:24 RESIZE
2015/07/13 14:45:24 RESIZE
2015/07/13 14:45:24 RESIZE
2015/07/13 14:45:24 RESIZE
2015/07/13 14:45:24 RESIZE
2015/07/13 14:45:24 RESIZE
2015/07/13 14:45:24 RESIZE
2015/07/13 14:45:24 RESIZE
2015/07/13 14:45:24 RESIZE
2015/07/13 14:45:24 RESIZE
2015/07/13 14:45:24 RESIZE
2015/07/13 14:45:24 RESIZE
2015/07/13 14:45:24 RESIZE
2015/07/13 14:45:24 RESIZE
2015/07/13 14:45:24 RESIZE
2015/07/13 14:45:24 RESIZE
2015/07/13 14:45:24 RESIZE
2015/07/13 14:45:24 RESIZE
2015/07/13 14:45:24 RESIZE
2015/07/13 14:45:24 RESIZE
2015/07/13 14:45:24 RESIZE
2015/07/13 14:45:24 RESIZE
2015/07/13 14:45:24 RESIZE
2015/07/13 14:45:25 RESIZE
2015/07/13 14:45:25 RESIZE
2015/07/13 14:45:25 RESIZE
2015/07/13 14:45:25 RESIZE
2015/07/13 14:45:25 RESIZE
2015/07/13 14:45:25 RESIZE
2015/07/13 14:45:25 RESIZE
2015/07/13 14:45:25 RESIZE
2015/07/13 14:45:25 RESIZE
2015/07/13 14:45:25 RESIZE
2015/07/13 14:45:25 RESIZE
2015/07/13 14:45:25 RESIZE
2015/07/13 14:45:25 RESIZE
2015/07/13 14:45:25 RESIZE
2015/07/13 14:45:25 RESIZE
2015/07/13 14:45:25 RESIZE
2015/07/13 14:45:25 RESIZE
2015/07/13 14:45:25 RESIZE
2015/07/13 14:45:25 RESIZE
2015/07/13 14:45:25 RESIZE
2015/07/13 14:45:25 RESIZE
2015/07/13 14:45:25 RESIZE
2015/07/13 14:45:25 RESIZE
2015/07/13 14:45:25 RESIZE
2015/07/13 14:45:25 RESIZE
2015/07/13 14:45:25 RESIZE
2015/07/13 14:45:25 RESIZE
2015/07/13 14:45:25 RESIZE
2015/07/13 14:45:25 RESIZE
2015/07/13 14:45:25 RESIZE
2015/07/13 14:45:25 RESIZE
2015/07/13 14:45:25 RESIZE
2015/07/13 14:45:25 RESIZE
2015/07/13 14:45:25 RESIZE
2015/07/13 14:45:25 RESIZE
2015/07/13 14:45:25 RESIZE
2015/07/13 14:45:25 RESIZE
2015/07/13 14:45:25 RESIZE
2015/07/13 14:45:25 RESIZE
2015/07/13 14:45:25 RESIZE
2015/07/13 14:45:25 RESIZE
2015/07/13 14:45:25 RESIZE
2015/07/13 14:45:25 RESIZE
2015/07/13 14:45:25 RESIZE
2015/07/13 14:45:25 RESIZE
2015/07/13 14:45:25 RESIZE
2015/07/13 14:45:25 RESIZE
2015/07/13 14:45:25 RESIZE
2015/07/13 14:45:25 RESIZE
2015/07/13 14:45:25 RESIZE
2015/07/13 14:45:25 RESIZE
2015/07/13 14:45:25 RESIZE
2015/07/13 14:45:25 RESIZE
2015/07/13 14:45:25 RESIZE
2015/07/13 14:45:25 RESIZE
2015/07/13 14:45:25 RESIZE
2015/07/13 14:45:25 RESIZE
2015/07/13 14:45:25 RESIZE
2015/07/13 14:45:25 RESIZE
2015/07/13 14:45:25 RESIZE
2015/07/13 14:45:25 RESIZE
2015/07/13 14:45:25 RESIZE
2015/07/13 14:45:25 RESIZE
2015/07/13 14:45:25 RESIZE
2015/07/13 14:45:25 RESIZE
2015/07/13 14:45:25 RESIZE
2015/07/13 14:45:25 RESIZE
2015/07/13 14:45:25 RESIZE
2015/07/13 14:45:25 RESIZE
2015/07/13 14:45:25 RESIZE
2015/07/13 14:45:25 RESIZE
2015/07/13 14:45:25 RESIZE
2015/07/13 14:45:25 RESIZE
2015/07/13 14:45:25 RESIZE
2015/07/13 14:45:25 RESIZE
2015/07/13 14:45:25 RESIZE
2015/07/13 14:45:25 RESIZE
2015/07/13 14:45:25 RESIZE
2015/07/13 14:45:25 RESIZE
2015/07/13 14:45:25 RESIZE
2015/07/13 14:45:25 RESIZE
2015/07/13 14:45:25 RESIZE
2015/07/13 14:45:25 RESIZE
2015/07/13 14:45:25 RESIZE
2015/07/13 14:45:25 RESIZE
2015/07/13 14:45:25 RESIZE
2015/07/13 14:45:25 RESIZE
2015/07/13 14:45:25 RESIZE
2015/07/13 14:45:25 RESIZE
2015/07/13 14:45:25 RESIZE
2015/07/13 14:45:25 RESIZE
2015/07/13 14:45:25 RESIZE
2015/07/13 14:45:25 RESIZE
2015/07/13 14:45:25 RESIZE
2015/07/13 14:45:25 RESIZE
2015/07/13 14:45:25 RESIZE
2015/07/13 14:45:25 RESIZE
2015/07/13 14:45:25 RESIZE
2015/07/13 14:45:25 RESIZE
2015/07/13 14:45:25 RESIZE
2015/07/13 14:45:25 RESIZE
2015/07/13 14:45:25 RESIZE
2015/07/13 14:45:25 RESIZE
2015/07/13 14:45:25 RESIZE
2015/07/13 14:45:25 RESIZE
2015/07/13 14:45:25 RESIZE
2015/07/13 14:45:26 RESIZE
2015/07/13 14:45:26 RESIZE
2015/07/13 14:45:26 RESIZE
2015/07/13 14:45:26 RESIZE
2015/07/13 14:45:26 RESIZE
2015/07/13 14:45:26 RESIZE
2015/07/13 14:45:26 RESIZE
2015/07/13 14:45:26 RESIZE
2015/07/13 14:45:26 RESIZE
2015/07/13 14:45:26 RESIZE
2015/07/13 14:45:26 RESIZE
2015/07/13 14:45:26 RESIZE
2015/07/13 14:45:26 RESIZE
2015/07/13 14:45:26 RESIZE
2015/07/13 14:45:26 RESIZE
2015/07/13 14:45:26 RESIZE
2015/07/13 14:45:26 RESIZE
2015/07/13 14:45:26 RESIZE
2015/07/13 14:45:26 RESIZE
2015/07/13 14:45:26 RESIZE
2015/07/13 14:45:26 RESIZE
2015/07/13 14:45:26 RESIZE
2015/07/13 14:45:26 RESIZE
2015/07/13 14:45:26 RESIZE
2015/07/13 14:45:26 RESIZE
2015/07/13 14:45:26 RESIZE
2015/07/13 14:45:26 RESIZE
2015/07/13 14:45:26 RESIZE
2015/07/13 14:45:26 RESIZE
2015/07/13 14:45:26 RESIZE
2015/07/13 14:45:26 RESIZE
2015/07/13 14:45:26 RESIZE
2015/07/13 14:45:26 RESIZE
2015/07/13 14:45:26 RESIZE
2015/07/13 14:45:26 RESIZE
2015/07/13 14:45:26 RESIZE
2015/07/13 14:45:26 RESIZE
2015/07/13 14:45:26 RESIZE
2015/07/13 14:45:26 RESIZE
2015/07/13 14:45:26 RESIZE
2015/07/13 14:45:26 RESIZE
2015/07/13 14:45:26 RESIZE
2015/07/13 14:45:26 RESIZE
2015/07/13 14:45:26 RESIZE
2015/07/13 14:45:26 RESIZE
2015/07/13 14:45:26 RESIZE
2015/07/13 14:45:26 RESIZE
2015/07/13 14:45:26 RESIZE
2015/07/13 14:45:26 RESIZE
2015/07/13 14:45:26 RESIZE
2015/07/13 14:45:26 RESIZE
2015/07/13 14:45:26 RESIZE
2015/07/13 14:45:26 RESIZE
2015/07/13 14:45:26 RESIZE
2015/07/13 14:45:26 RESIZE
2015/07/13 14:45:26 RESIZE
2015/07/13 14:45:26 RESIZE
2015/07/13 14:45:26 RESIZE
2015/07/13 14:45:26 RESIZE
2015/07/13 14:45:26 RESIZE
2015/07/13 14:45:26 RESIZE
2015/07/13 14:45:26 RESIZE
2015/07/13 14:45:26 RESIZE
2015/07/13 14:45:26 RESIZE
2015/07/13 14:45:26 RESIZE
2015/07/13 14:45:26 RESIZE
2015/07/13 14:45:26 RESIZE
2015/07/13 14:45:26 RESIZE
2015/07/13 14:45:26 RESIZE
2015/07/13 14:45:26 RESIZE
2015/07/13 14:45:26 RESIZE
2015/07/13 14:45:26 RESIZE
2015/07/13 14:45:26 RESIZE
2015/07/13 14:45:26 RESIZE
2015/07/13 14:45:26 RESIZE
2015/07/13 14:45:26 RESIZE
2015/07/13 14:45:26 RESIZE
2015/07/13 14:45:26 RESIZE
2015/07/13 14:45:26 RESIZE
2015/07/13 14:45:26 RESIZE
2015/07/13 14:45:26 RESIZE
2015/07/13 14:45:26 RESIZE
2015/07/13 14:45:26 RESIZE
2015/07/13 14:45:26 RESIZE
2015/07/13 14:45:26 RESIZE
2015/07/13 14:45:26 RESIZE
2015/07/13 14:45:26 RESIZE
2015/07/13 14:45:26 RESIZE
2015/07/13 14:45:26 RESIZE
2015/07/13 14:45:26 RESIZE
2015/07/13 14:45:26 RESIZE
2015/07/13 14:45:26 RESIZE
2015/07/13 14:45:26 RESIZE
2015/07/13 14:45:26 RESIZE
2015/07/13 14:45:26 RESIZE
2015/07/13 14:45:26 RESIZE
2015/07/13 14:45:26 RESIZE
2015/07/13 14:45:26 RESIZE
2015/07/13 14:45:26 RESIZE
2015/07/13 14:45:26 RESIZE
2015/07/13 14:45:26 RESIZE
2015/07/13 14:45:26 RESIZE
2015/07/13 14:45:26 RESIZE
2015/07/13 14:45:26 RESIZE
2015/07/13 14:45:26 RESIZE
2015/07/13 14:45:26 RESIZE
2015/07/13 14:45:27 RESIZE
2015/07/13 14:45:27 RESIZE
2015/07/13 14:45:27 RESIZE
2015/07/13 14:45:27 RESIZE
2015/07/13 14:45:27 RESIZE
2015/07/13 14:45:27 RESIZE
2015/07/13 14:45:27 RESIZE
2015/07/13 14:45:27 RESIZE
2015/07/13 14:45:27 RESIZE
2015/07/13 14:45:27 RESIZE
2015/07/13 14:45:27 RESIZE
2015/07/13 14:45:27 RESIZE
2015/07/13 14:45:27 RESIZE
2015/07/13 14:45:27 RESIZE
2015/07/13 14:45:27 RESIZE
2015/07/13 14:45:27 RESIZE
2015/07/13 14:45:27 RESIZE
2015/07/13 14:45:27 RESIZE
2015/07/13 14:45:27 RESIZE
2015/07/13 14:45:27 RESIZE
2015/07/13 14:45:27 RESIZE
2015/07/13 14:45:27 RESIZE
2015/07/13 14:45:27 RESIZE
2015/07/13 14:45:27 RESIZE
2015/07/13 14:45:27 RESIZE
2015/07/13 14:45:27 RESIZE
2015/07/13 14:45:27 RESIZE
2015/07/13 14:45:27 RESIZE
2015/07/13 14:45:27 RESIZE
2015/07/13 14:45:27 RESIZE
2015/07/13 14:45:27 RESIZE
2015/07/13 14:45:27 RESIZE
2015/07/13 14:45:27 RESIZE
2015/07/13 14:45:27 RESIZE
2015/07/13 14:45:27 RESIZE
2015/07/13 14:45:27 RESIZE
2015/07/13 14:45:27 RESIZE
2015/07/13 14:45:27 RESIZE
2015/07/13 14:45:27 RESIZE
2015/07/13 14:45:27 RESIZE
2015/07/13 14:45:27 RESIZE
2015/07/13 14:45:27 RESIZE
2015/07/13 14:45:27 RESIZE
2015/07/13 14:45:27 RESIZE
2015/07/13 14:45:27 RESIZE
2015/07/13 14:45:27 RESIZE
2015/07/13 14:45:27 RESIZE
2015/07/13 14:45:27 RESIZE
2015/07/13 14:45:27 RESIZE
2015/07/13 14:45:27 RESIZE
2015/07/13 14:45:27 RESIZE
2015/07/13 14:45:27 RESIZE
2015/07/13 14:45:27 RESIZE
2015/07/13 14:45:27 RESIZE
2015/07/13 14:45:27 RESIZE
2015/07/13 14:45:27 RESIZE
2015/07/13 14:45:27 RESIZE
2015/07/13 14:45:27 RESIZE
2015/07/13 14:45:27 RESIZE
2015/07/13 14:45:27 RESIZE
2015/07/13 14:45:27 RESIZE
2015/07/13 14:45:27 RESIZE
2015/07/13 14:45:27 RESIZE
2015/07/13 14:45:27 RESIZE
2015/07/13 14:45:27 RESIZE
2015/07/13 14:45:27 RESIZE
2015/07/13 14:45:27 RESIZE
2015/07/13 14:45:27 RESIZE
2015/07/13 14:45:27 RESIZE
2015/07/13 14:45:27 RESIZE
2015/07/13 14:45:27 RESIZE
2015/07/13 14:45:27 RESIZE
2015/07/13 14:45:27 RESIZE
2015/07/13 14:45:27 RESIZE
2015/07/13 14:45:27 RESIZE
2015/07/13 14:45:27 RESIZE
2015/07/13 14:45:27 RESIZE
2015/07/13 14:45:27 RESIZE
2015/07/13 14:45:27 RESIZE
2015/07/13 14:45:27 RESIZE
2015/07/13 14:45:27 RESIZE
2015/07/13 14:45:27 RESIZE
2015/07/13 14:45:27 RESIZE
2015/07/13 14:45:27 RESIZE
2015/07/13 14:45:27 RESIZE
2015/07/13 14:45:27 RESIZE
2015/07/13 14:45:27 RESIZE
2015/07/13 14:45:27 RESIZE
2015/07/13 14:45:27 RESIZE
2015/07/13 14:45:27 RESIZE
2015/07/13 14:45:27 RESIZE
2015/07/13 14:45:27 RESIZE
2015/07/13 14:45:27 RESIZE
2015/07/13 14:45:27 RESIZE
2015/07/13 14:45:27 RESIZE
2015/07/13 14:45:27 RESIZE
2015/07/13 14:45:27 RESIZE
2015/07/13 14:45:27 RESIZE
2015/07/13 14:45:27 RESIZE
2015/07/13 14:45:27 RESIZE
2015/07/13 14:45:27 RESIZE
2015/07/13 14:45:27 RESIZE
2015/07/13 14:45:27 RESIZE
2015/07/13 14:45:27 RESIZE
2015/07/13 14:45:27 RESIZE
2015/07/13 14:45:27 RESIZE
2015/07/13 14:45:28 RESIZE
2015/07/13 14:45:28 RESIZE
2015/07/13 14:45:28 RESIZE
2015/07/13 14:45:28 RESIZE
2015/07/13 14:45:28 RESIZE
2015/07/13 14:45:28 RESIZE
2015/07/13 14:45:28 RESIZE
2015/07/13 14:45:28 RESIZE
2015/07/13 14:45:28 RESIZE
2015/07/13 14:45:28 RESIZE
2015/07/13 14:45:28 RESIZE
2015/07/13 14:45:28 RESIZE
2015/07/13 14:45:28 RESIZE
2015/07/13 14:45:28 RESIZE
2015/07/13 14:45:28 RESIZE
2015/07/13 14:45:28 RESIZE
2015/07/13 14:45:28 RESIZE
2015/07/13 14:45:28 RESIZE
2015/07/13 14:45:28 RESIZE
2015/07/13 14:45:28 RESIZE
2015/07/13 14:45:28 RESIZE
2015/07/13 14:45:28 RESIZE
2015/07/13 14:45:28 RESIZE
2015/07/13 14:45:28 RESIZE
2015/07/13 14:45:28 RESIZE
2015/07/13 14:45:28 RESIZE
2015/07/13 14:45:28 RESIZE
2015/07/13 14:45:28 RESIZE
2015/07/13 14:45:28 RESIZE
2015/07/13 14:45:28 RESIZE
2015/07/13 14:45:28 RESIZE
2015/07/13 14:45:28 RESIZE
2015/07/13 14:45:28 RESIZE
2015/07/13 14:45:28 RESIZE
2015/07/13 14:45:28 RESIZE
2015/07/13 14:45:28 RESIZE
2015/07/13 14:45:28 RESIZE
2015/07/13 14:45:28 RESIZE
2015/07/13 14:45:28 RESIZE
2015/07/13 14:45:28 RESIZE
2015/07/13 14:45:28 RESIZE
2015/07/13 14:45:28 RESIZE
2015/07/13 14:45:28 RESIZE
2015/07/13 14:45:28 RESIZE
2015/07/13 14:45:28 RESIZE
2015/07/13 14:45:28 RESIZE
2015/07/13 14:45:28 RESIZE
2015/07/13 14:45:28 RESIZE
2015/07/13 14:45:28 RESIZE
2015/07/13 14:45:28 RESIZE
2015/07/13 14:45:28 RESIZE
2015/07/13 14:45:28 RESIZE
2015/07/13 14:45:28 RESIZE
2015/07/13 14:45:28 RESIZE
2015/07/13 14:45:28 RESIZE
2015/07/13 14:45:28 RESIZE
2015/07/13 14:45:28 RESIZE
2015/07/13 14:45:28 RESIZE
2015/07/13 14:45:28 RESIZE
2015/07/13 14:45:28 RESIZE
2015/07/13 14:45:28 RESIZE
2015/07/13 14:45:28 RESIZE
2015/07/13 14:45:28 RESIZE
2015/07/13 14:45:28 RESIZE
2015/07/13 14:45:28 RESIZE
2015/07/13 14:45:28 RESIZE
2015/07/13 14:45:28 RESIZE
2015/07/13 14:45:28 RESIZE
2015/07/13 14:45:28 RESIZE
2015/07/13 14:45:28 RESIZE
2015/07/13 14:45:28 RESIZE
2015/07/13 14:45:28 RESIZE
2015/07/13 14:45:28 RESIZE
2015/07/13 14:45:28 RESIZE
2015/07/13 14:45:28 RESIZE
2015/07/13 14:45:28 RESIZE
2015/07/13 14:45:28 RESIZE
2015/07/13 14:45:28 RESIZE
2015/07/13 14:45:28 RESIZE
2015/07/13 14:45:28 RESIZE
2015/07/13 14:45:28 RESIZE
2015/07/13 14:45:28 RESIZE
2015/07/13 14:45:28 RESIZE
2015/07/13 14:45:28 RESIZE
2015/07/13 14:45:28 RESIZE
2015/07/13 14:45:28 RESIZE
2015/07/13 14:45:28 RESIZE
2015/07/13 14:45:28 RESIZE
2015/07/13 14:45:28 RESIZE
2015/07/13 14:45:28 RESIZE
2015/07/13 14:45:28 RESIZE
2015/07/13 14:45:28 RESIZE
2015/07/13 14:45:28 RESIZE
2015/07/13 14:45:28 RESIZE
2015/07/13 14:45:28 RESIZE
2015/07/13 14:45:28 RESIZE
2015/07/13 14:45:28 RESIZE
2015/07/13 14:45:28 RESIZE
2015/07/13 14:45:28 RESIZE
2015/07/13 14:45:28 RESIZE
2015/07/13 14:45:28 RESIZE
2015/07/13 14:45:28 RESIZE
2015/07/13 14:45:28 RESIZE
2015/07/13 14:45:28 RESIZE
2015/07/13 14:45:28 RESIZE
2015/07/13 14:45:28 RESIZE
2015/07/13 14:45:29 RESIZE
2015/07/13 14:45:29 RESIZE
2015/07/13 14:45:29 RESIZE
2015/07/13 14:45:29 RESIZE
2015/07/13 14:45:29 RESIZE
2015/07/13 14:45:29 RESIZE
2015/07/13 14:45:29 RESIZE
2015/07/13 14:45:29 RESIZE
2015/07/13 14:45:29 RESIZE
2015/07/13 14:45:29 RESIZE
2015/07/13 14:45:29 RESIZE
2015/07/13 14:45:29 RESIZE
2015/07/13 14:45:29 RESIZE
2015/07/13 14:45:29 RESIZE
2015/07/13 14:45:29 RESIZE
2015/07/13 14:45:29 RESIZE
2015/07/13 14:45:29 RESIZE
2015/07/13 14:45:29 RESIZE
2015/07/13 14:45:29 RESIZE
2015/07/13 14:45:29 RESIZE
2015/07/13 14:45:29 RESIZE
2015/07/13 14:45:29 RESIZE
2015/07/13 14:45:29 RESIZE
2015/07/13 14:45:29 RESIZE
2015/07/13 14:45:29 RESIZE
2015/07/13 14:45:29 RESIZE
2015/07/13 14:45:29 RESIZE
2015/07/13 14:45:29 RESIZE
2015/07/13 14:45:29 RESIZE
2015/07/13 14:45:29 RESIZE
2015/07/13 14:45:29 RESIZE
2015/07/13 14:45:29 RESIZE
2015/07/13 14:45:29 RESIZE
2015/07/13 14:45:29 RESIZE
2015/07/13 14:45:29 RESIZE
2015/07/13 14:45:29 RESIZE
2015/07/13 14:45:29 RESIZE
2015/07/13 14:45:29 RESIZE
2015/07/13 14:45:29 RESIZE
2015/07/13 14:45:29 RESIZE
2015/07/13 14:45:29 RESIZE
2015/07/13 14:45:29 RESIZE
2015/07/13 14:45:29 RESIZE
2015/07/13 14:45:29 RESIZE
2015/07/13 14:45:29 RESIZE
2015/07/13 14:45:29 RESIZE
2015/07/13 14:45:29 RESIZE
2015/07/13 14:45:29 RESIZE
2015/07/13 14:45:29 RESIZE
2015/07/13 14:45:29 RESIZE
2015/07/13 14:45:29 RESIZE
2015/07/13 14:45:29 RESIZE
2015/07/13 14:45:29 RESIZE
2015/07/13 14:45:29 RESIZE
2015/07/13 14:45:29 RESIZE
2015/07/13 14:45:29 RESIZE
2015/07/13 14:45:29 RESIZE
2015/07/13 14:45:29 RESIZE
2015/07/13 14:45:29 RESIZE
2015/07/13 14:45:29 RESIZE
2015/07/13 14:45:29 RESIZE
2015/07/13 14:45:29 RESIZE
2015/07/13 14:45:29 RESIZE
2015/07/13 14:45:29 RESIZE
2015/07/13 14:45:29 RESIZE
2015/07/13 14:45:29 RESIZE
2015/07/13 14:45:29 RESIZE
2015/07/13 14:45:29 RESIZE
2015/07/13 14:45:29 RESIZE
2015/07/13 14:45:29 RESIZE
2015/07/13 14:45:29 RESIZE
2015/07/13 14:45:29 RESIZE
2015/07/13 14:45:29 RESIZE
2015/07/13 14:45:29 RESIZE
2015/07/13 14:45:29 RESIZE
2015/07/13 14:45:29 RESIZE
2015/07/13 14:45:29 RESIZE
2015/07/13 14:45:29 RESIZE
2015/07/13 14:45:29 RESIZE
2015/07/13 14:45:29 RESIZE
2015/07/13 14:45:29 RESIZE
2015/07/13 14:45:29 RESIZE
2015/07/13 14:45:29 RESIZE
2015/07/13 14:45:29 RESIZE
2015/07/13 14:45:29 RESIZE
2015/07/13 14:45:29 RESIZE
2015/07/13 14:45:29 RESIZE
2015/07/13 14:45:29 RESIZE
2015/07/13 14:45:29 RESIZE
2015/07/13 14:45:29 RESIZE
2015/07/13 14:45:29 RESIZE
2015/07/13 14:45:29 RESIZE
2015/07/13 14:45:29 RESIZE
2015/07/13 14:45:29 RESIZE
2015/07/13 14:45:29 RESIZE
2015/07/13 14:45:29 RESIZE
2015/07/13 14:45:29 RESIZE
2015/07/13 14:45:29 RESIZE
2015/07/13 14:45:29 RESIZE
2015/07/13 14:45:29 RESIZE
2015/07/13 14:45:29 RESIZE
2015/07/13 14:45:29 RESIZE
2015/07/13 14:45:29 RESIZE
2015/07/13 14:45:29 RESIZE
2015/07/13 14:45:29 RESIZE
2015/07/13 14:45:29 RESIZE
2015/07/13 14:45:30 RESIZE
2015/07/13 14:45:30 RESIZE
2015/07/13 14:45:30 RESIZE
2015/07/13 14:45:30 RESIZE
2015/07/13 14:45:30 RESIZE
2015/07/13 14:45:30 RESIZE
2015/07/13 14:45:30 RESIZE
2015/07/13 14:45:30 RESIZE
2015/07/13 14:45:30 RESIZE
2015/07/13 14:45:30 RESIZE
2015/07/13 14:45:30 RESIZE
2015/07/13 14:45:30 RESIZE
2015/07/13 14:45:30 RESIZE
2015/07/13 14:45:30 RESIZE
2015/07/13 14:45:30 RESIZE
2015/07/13 14:45:30 RESIZE
2015/07/13 14:45:30 RESIZE
2015/07/13 14:45:30 RESIZE
2015/07/13 14:45:30 RESIZE
2015/07/13 14:45:30 RESIZE
2015/07/13 14:45:30 RESIZE
2015/07/13 14:45:30 RESIZE
2015/07/13 14:45:30 RESIZE
2015/07/13 14:45:30 RESIZE
2015/07/13 14:45:30 RESIZE
2015/07/13 14:45:30 RESIZE
2015/07/13 14:45:30 RESIZE
2015/07/13 14:45:30 RESIZE
2015/07/13 14:45:30 RESIZE
2015/07/13 14:45:30 RESIZE
2015/07/13 14:45:30 RESIZE
2015/07/13 14:45:30 RESIZE
2015/07/13 14:45:30 RESIZE
2015/07/13 14:45:30 RESIZE
2015/07/13 14:45:30 RESIZE
2015/07/13 14:45:30 RESIZE
2015/07/13 14:45:30 RESIZE
2015/07/13 14:45:30 RESIZE
2015/07/13 14:45:30 RESIZE
2015/07/13 14:45:30 RESIZE
2015/07/13 14:45:30 RESIZE
2015/07/13 14:45:30 RESIZE
2015/07/13 14:45:30 RESIZE
2015/07/13 14:45:30 RESIZE
2015/07/13 14:45:30 RESIZE
2015/07/13 14:45:30 RESIZE
2015/07/13 14:45:30 RESIZE
2015/07/13 14:45:30 RESIZE
2015/07/13 14:45:30 RESIZE
2015/07/13 14:45:30 RESIZE
2015/07/13 14:45:30 RESIZE
2015/07/13 14:45:30 RESIZE
2015/07/13 14:45:30 RESIZE
2015/07/13 14:45:30 RESIZE
2015/07/13 14:45:30 RESIZE
2015/07/13 14:45:30 RESIZE
2015/07/13 14:45:30 RESIZE
2015/07/13 14:45:30 RESIZE
2015/07/13 14:45:30 RESIZE
2015/07/13 14:45:30 RESIZE
2015/07/13 14:45:30 RESIZE
2015/07/13 14:45:30 RESIZE
2015/07/13 14:45:30 RESIZE
2015/07/13 14:45:30 RESIZE
2015/07/13 14:45:30 RESIZE
2015/07/13 14:45:30 RESIZE
2015/07/13 14:45:30 RESIZE
2015/07/13 14:45:30 RESIZE
2015/07/13 14:45:30 RESIZE
2015/07/13 14:45:30 RESIZE
2015/07/13 14:45:30 RESIZE
2015/07/13 14:45:30 RESIZE
2015/07/13 14:45:30 RESIZE
2015/07/13 14:45:30 RESIZE
2015/07/13 14:45:30 RESIZE
2015/07/13 14:45:30 RESIZE
2015/07/13 14:45:30 RESIZE
2015/07/13 14:45:30 RESIZE
2015/07/13 14:45:30 RESIZE
2015/07/13 14:45:30 RESIZE
2015/07/13 14:45:30 RESIZE
2015/07/13 14:45:30 RESIZE
2015/07/13 14:45:30 RESIZE
2015/07/13 14:45:30 RESIZE
2015/07/13 14:45:30 RESIZE
2015/07/13 14:45:30 RESIZE
2015/07/13 14:45:30 RESIZE
2015/07/13 14:45:30 RESIZE
2015/07/13 14:45:30 RESIZE
2015/07/13 14:45:30 RESIZE
2015/07/13 14:45:30 RESIZE
2015/07/13 14:45:30 RESIZE
2015/07/13 14:45:30 RESIZE
2015/07/13 14:45:30 RESIZE
2015/07/13 14:45:30 RESIZE
2015/07/13 14:45:30 RESIZE
2015/07/13 14:45:30 RESIZE
2015/07/13 14:45:30 RESIZE
2015/07/13 14:45:30 RESIZE
2015/07/13 14:45:30 RESIZE
2015/07/13 14:45:30 RESIZE
2015/07/13 14:45:30 RESIZE
2015/07/13 14:45:30 RESIZE
2015/07/13 14:45:30 RESIZE
2015/07/13 14:45:30 RESIZE
2015/07/13 14:45:30 RESIZE
2015/07/13 14:45:31 RESIZE
2015/07/13 14:45:31 RESIZE
2015/07/13 14:45:31 RESIZE
2015/07/13 14:45:31 RESIZE
2015/07/13 14:45:31 RESIZE
2015/07/13 14:45:31 RESIZE
2015/07/13 14:45:31 RESIZE
2015/07/13 14:45:31 RESIZE
2015/07/13 14:45:31 RESIZE
2015/07/13 14:45:31 RESIZE
2015/07/13 14:45:31 RESIZE
2015/07/13 14:45:31 RESIZE
2015/07/13 14:45:31 RESIZE
2015/07/13 14:45:31 RESIZE
2015/07/13 14:45:31 RESIZE
2015/07/13 14:45:31 RESIZE
2015/07/13 14:45:31 RESIZE
2015/07/13 14:45:31 RESIZE
2015/07/13 14:45:31 RESIZE
2015/07/13 14:45:31 RESIZE
2015/07/13 14:45:31 RESIZE
2015/07/13 14:45:31 RESIZE
2015/07/13 14:45:31 RESIZE
2015/07/13 14:45:31 RESIZE
2015/07/13 14:45:31 RESIZE
2015/07/13 14:45:31 RESIZE
2015/07/13 14:45:31 RESIZE
2015/07/13 14:45:31 RESIZE
2015/07/13 14:45:31 RESIZE
2015/07/13 14:45:31 RESIZE
2015/07/13 14:45:31 RESIZE
2015/07/13 14:45:31 RESIZE
2015/07/13 14:45:31 RESIZE
2015/07/13 14:45:31 RESIZE
2015/07/13 14:45:31 RESIZE
2015/07/13 14:45:31 RESIZE
2015/07/13 14:45:31 RESIZE
2015/07/13 14:45:31 RESIZE
2015/07/13 14:45:31 RESIZE
2015/07/13 14:45:31 RESIZE
2015/07/13 14:45:31 RESIZE
2015/07/13 14:45:31 RESIZE
2015/07/13 14:45:31 RESIZE
2015/07/13 14:45:31 RESIZE
2015/07/13 14:45:31 RESIZE
2015/07/13 14:45:31 RESIZE
2015/07/13 14:45:31 RESIZE
2015/07/13 14:45:31 RESIZE
2015/07/13 14:45:31 RESIZE
2015/07/13 14:45:31 RESIZE
2015/07/13 14:45:31 RESIZE
2015/07/13 14:45:31 RESIZE
2015/07/13 14:45:31 RESIZE
2015/07/13 14:45:31 RESIZE
2015/07/13 14:45:31 RESIZE
2015/07/13 14:45:31 RESIZE
2015/07/13 14:45:31 RESIZE
2015/07/13 14:45:31 RESIZE
2015/07/13 14:45:31 RESIZE
2015/07/13 14:45:31 RESIZE
2015/07/13 14:45:31 RESIZE
2015/07/13 14:45:31 RESIZE
2015/07/13 14:45:31 RESIZE
2015/07/13 14:45:31 RESIZE
2015/07/13 14:45:31 RESIZE
2015/07/13 14:45:31 RESIZE
2015/07/13 14:45:31 RESIZE
2015/07/13 14:45:31 RESIZE
2015/07/13 14:45:31 RESIZE
2015/07/13 14:45:31 RESIZE
2015/07/13 14:45:31 RESIZE
2015/07/13 14:45:31 RESIZE
2015/07/13 14:45:31 RESIZE
2015/07/13 14:45:31 RESIZE
2015/07/13 14:45:31 RESIZE
2015/07/13 14:45:31 RESIZE
2015/07/13 14:45:31 RESIZE
2015/07/13 14:45:31 RESIZE
2015/07/13 14:45:31 RESIZE
2015/07/13 14:45:31 RESIZE
2015/07/13 14:45:31 RESIZE
2015/07/13 14:45:31 RESIZE
2015/07/13 14:45:31 RESIZE
2015/07/13 14:45:31 RESIZE
2015/07/13 14:45:31 RESIZE
2015/07/13 14:45:31 RESIZE
2015/07/13 14:45:31 RESIZE
2015/07/13 14:45:31 RESIZE
2015/07/13 14:45:31 RESIZE
2015/07/13 14:45:31 RESIZE
2015/07/13 14:45:31 RESIZE
2015/07/13 14:45:31 RESIZE
2015/07/13 14:45:31 RESIZE
2015/07/13 14:45:31 RESIZE
2015/07/13 14:45:31 RESIZE
2015/07/13 14:45:31 RESIZE
2015/07/13 14:45:31 RESIZE
2015/07/13 14:45:31 RESIZE
2015/07/13 14:45:31 RESIZE
2015/07/13 14:45:31 RESIZE
2015/07/13 14:45:31 RESIZE
2015/07/13 14:45:31 RESIZE
2015/07/13 14:45:31 RESIZE
2015/07/13 14:45:31 RESIZE
2015/07/13 14:45:31 RESIZE
2015/07/13 14:45:31 RESIZE
2015/07/13 14:45:32 RESIZE
2015/07/13 14:45:32 RESIZE
2015/07/13 14:45:32 RESIZE
2015/07/13 14:45:32 RESIZE
2015/07/13 14:45:32 RESIZE
2015/07/13 14:45:32 RESIZE
2015/07/13 14:45:32 RESIZE
2015/07/13 14:45:32 RESIZE
2015/07/13 14:45:32 RESIZE
2015/07/13 14:45:32 RESIZE
2015/07/13 14:45:32 RESIZE
2015/07/13 14:45:32 RESIZE
2015/07/13 14:45:32 RESIZE
2015/07/13 14:45:32 RESIZE
2015/07/13 14:45:32 RESIZE
2015/07/13 14:45:32 RESIZE
2015/07/13 14:45:32 RESIZE
2015/07/13 14:45:32 RESIZE
2015/07/13 14:45:32 RESIZE
2015/07/13 14:45:32 RESIZE
2015/07/13 14:45:32 RESIZE
2015/07/13 14:45:32 RESIZE
2015/07/13 14:45:32 RESIZE
2015/07/13 14:45:32 RESIZE
2015/07/13 14:45:32 RESIZE
2015/07/13 14:45:32 RESIZE
2015/07/13 14:45:32 RESIZE
2015/07/13 14:45:32 RESIZE
2015/07/13 14:45:32 RESIZE
2015/07/13 14:45:32 RESIZE
2015/07/13 14:45:32 RESIZE
2015/07/13 14:45:32 RESIZE
2015/07/13 14:45:32 RESIZE
2015/07/13 14:45:32 RESIZE
2015/07/13 14:45:32 RESIZE
2015/07/13 14:45:32 RESIZE
2015/07/13 14:45:32 RESIZE
2015/07/13 14:45:32 RESIZE
2015/07/13 14:45:32 RESIZE
2015/07/13 14:45:32 RESIZE
2015/07/13 14:45:32 RESIZE
2015/07/13 14:45:32 RESIZE
2015/07/13 14:45:32 RESIZE
2015/07/13 14:45:32 RESIZE
2015/07/13 14:45:32 RESIZE
2015/07/13 14:45:32 RESIZE
2015/07/13 14:45:32 RESIZE
2015/07/13 14:45:32 RESIZE
2015/07/13 14:45:32 RESIZE
2015/07/13 14:45:32 RESIZE
2015/07/13 14:45:32 RESIZE
2015/07/13 14:45:32 RESIZE
2015/07/13 14:45:32 RESIZE
2015/07/13 14:45:32 RESIZE
2015/07/13 14:45:32 RESIZE
2015/07/13 14:45:32 RESIZE
2015/07/13 14:45:32 RESIZE
2015/07/13 14:45:32 RESIZE
2015/07/13 14:45:32 RESIZE
2015/07/13 14:45:32 RESIZE
2015/07/13 14:45:32 RESIZE
2015/07/13 14:45:32 RESIZE
2015/07/13 14:45:32 RESIZE
2015/07/13 14:45:32 RESIZE
2015/07/13 14:45:32 RESIZE
2015/07/13 14:45:32 RESIZE
2015/07/13 14:45:32 RESIZE
2015/07/13 14:45:32 RESIZE
2015/07/13 14:45:32 RESIZE
2015/07/13 14:45:32 RESIZE
2015/07/13 14:45:32 RESIZE
2015/07/13 14:45:32 RESIZE
2015/07/13 14:45:32 RESIZE
2015/07/13 14:45:32 RESIZE
2015/07/13 14:45:32 RESIZE
2015/07/13 14:45:32 RESIZE
2015/07/13 14:45:32 RESIZE
2015/07/13 14:45:32 RESIZE
2015/07/13 14:45:32 RESIZE
2015/07/13 14:45:32 RESIZE
2015/07/13 14:45:32 RESIZE
2015/07/13 14:45:32 RESIZE
2015/07/13 14:45:32 RESIZE
2015/07/13 14:45:32 RESIZE
2015/07/13 14:45:32 RESIZE
2015/07/13 14:45:32 RESIZE
2015/07/13 14:45:32 RESIZE
2015/07/13 14:45:32 RESIZE
2015/07/13 14:45:32 RESIZE
2015/07/13 14:45:32 RESIZE
2015/07/13 14:45:32 RESIZE
2015/07/13 14:45:32 RESIZE
2015/07/13 14:45:32 RESIZE
2015/07/13 14:45:32 RESIZE
2015/07/13 14:45:32 RESIZE
2015/07/13 14:45:32 RESIZE
2015/07/13 14:45:32 RESIZE
2015/07/13 14:45:32 RESIZE
2015/07/13 14:45:32 RESIZE
2015/07/13 14:45:32 RESIZE
2015/07/13 14:45:32 RESIZE
2015/07/13 14:45:32 RESIZE
2015/07/13 14:45:32 RESIZE
2015/07/13 14:45:32 RESIZE
2015/07/13 14:45:32 RESIZE
2015/07/13 14:45:32 RESIZE
2015/07/13 14:45:33 RESIZE
2015/07/13 14:45:33 RESIZE
2015/07/13 14:45:33 RESIZE
2015/07/13 14:45:33 RESIZE
2015/07/13 14:45:33 RESIZE
2015/07/13 14:45:33 RESIZE
2015/07/13 14:45:33 RESIZE
2015/07/13 14:45:33 RESIZE
2015/07/13 14:45:33 RESIZE
2015/07/13 14:45:33 RESIZE
2015/07/13 14:45:33 RESIZE
2015/07/13 14:45:33 RESIZE
2015/07/13 14:45:33 RESIZE
2015/07/13 14:45:33 RESIZE
2015/07/13 14:45:33 RESIZE
2015/07/13 14:45:33 RESIZE
2015/07/13 14:45:33 RESIZE
2015/07/13 14:45:33 RESIZE
2015/07/13 14:45:33 RESIZE
2015/07/13 14:45:33 RESIZE
2015/07/13 14:45:33 RESIZE
2015/07/13 14:45:33 RESIZE
2015/07/13 14:45:33 RESIZE
2015/07/13 14:45:33 RESIZE
2015/07/13 14:45:33 RESIZE
2015/07/13 14:45:33 RESIZE
2015/07/13 14:45:33 RESIZE
2015/07/13 14:45:33 RESIZE
2015/07/13 14:45:33 RESIZE
2015/07/13 14:45:33 RESIZE
2015/07/13 14:45:33 RESIZE
2015/07/13 14:45:33 RESIZE
2015/07/13 14:45:33 RESIZE
2015/07/13 14:45:33 RESIZE
2015/07/13 14:45:33 RESIZE
2015/07/13 14:45:33 RESIZE
2015/07/13 14:45:33 RESIZE
2015/07/13 14:45:33 RESIZE
2015/07/13 14:45:33 RESIZE
2015/07/13 14:45:33 RESIZE
2015/07/13 14:45:33 RESIZE
2015/07/13 14:45:33 RESIZE
2015/07/13 14:45:33 RESIZE
2015/07/13 14:45:33 RESIZE
2015/07/13 14:45:33 RESIZE
2015/07/13 14:45:33 RESIZE
2015/07/13 14:45:33 RESIZE
2015/07/13 14:45:33 RESIZE
2015/07/13 14:45:33 RESIZE
2015/07/13 14:45:33 RESIZE
2015/07/13 14:45:33 RESIZE
2015/07/13 14:45:33 RESIZE
2015/07/13 14:45:33 RESIZE
2015/07/13 14:45:33 RESIZE
2015/07/13 14:45:33 RESIZE
2015/07/13 14:45:33 RESIZE
2015/07/13 14:45:33 RESIZE
2015/07/13 14:45:33 RESIZE
2015/07/13 14:45:33 RESIZE
2015/07/13 14:45:33 RESIZE
2015/07/13 14:45:33 RESIZE
2015/07/13 14:45:33 RESIZE
2015/07/13 14:45:33 RESIZE
2015/07/13 14:45:33 RESIZE
2015/07/13 14:45:33 RESIZE
2015/07/13 14:45:33 RESIZE
2015/07/13 14:45:33 RESIZE
2015/07/13 14:45:33 RESIZE
2015/07/13 14:45:33 RESIZE
2015/07/13 14:45:33 RESIZE
2015/07/13 14:45:33 RESIZE
2015/07/13 14:45:33 RESIZE
2015/07/13 14:45:33 RESIZE
2015/07/13 14:45:33 RESIZE
2015/07/13 14:45:33 RESIZE
2015/07/13 14:45:33 RESIZE
2015/07/13 14:45:33 RESIZE
2015/07/13 14:45:33 RESIZE
2015/07/13 14:45:33 RESIZE
2015/07/13 14:45:33 RESIZE
2015/07/13 14:45:33 RESIZE
2015/07/13 14:45:33 RESIZE
2015/07/13 14:45:33 RESIZE
2015/07/13 14:45:33 RESIZE
2015/07/13 14:45:33 RESIZE
2015/07/13 14:45:33 RESIZE
2015/07/13 14:45:33 RESIZE
2015/07/13 14:45:33 RESIZE
2015/07/13 14:45:33 RESIZE
2015/07/13 14:45:33 RESIZE
2015/07/13 14:45:33 RESIZE
2015/07/13 14:45:33 RESIZE
2015/07/13 14:45:33 RESIZE
2015/07/13 14:45:33 RESIZE
2015/07/13 14:45:33 RESIZE
2015/07/13 14:45:33 RESIZE
2015/07/13 14:45:33 RESIZE
2015/07/13 14:45:33 RESIZE
2015/07/13 14:45:33 RESIZE
2015/07/13 14:45:33 RESIZE
2015/07/13 14:45:33 RESIZE
2015/07/13 14:45:33 RESIZE
2015/07/13 14:45:33 RESIZE
2015/07/13 14:45:33 RESIZE
2015/07/13 14:45:34 RESIZE
2015/07/13 14:45:34 RESIZE
2015/07/13 14:45:34 RESIZE
2015/07/13 14:45:34 RESIZE
2015/07/13 14:45:34 RESIZE
2015/07/13 14:45:34 RESIZE
2015/07/13 14:45:34 RESIZE
2015/07/13 14:45:34 RESIZE
2015/07/13 14:45:34 RESIZE
2015/07/13 14:45:34 RESIZE
2015/07/13 14:45:34 RESIZE
2015/07/13 14:45:34 RESIZE
2015/07/13 14:45:34 RESIZE
2015/07/13 14:45:34 RESIZE
2015/07/13 14:45:34 RESIZE
2015/07/13 14:45:34 RESIZE
2015/07/13 14:45:34 RESIZE
2015/07/13 14:45:34 RESIZE
2015/07/13 14:45:34 RESIZE
2015/07/13 14:45:34 RESIZE
2015/07/13 14:45:34 RESIZE
2015/07/13 14:45:34 RESIZE
2015/07/13 14:45:34 RESIZE
2015/07/13 14:45:34 RESIZE
2015/07/13 14:45:34 RESIZE
2015/07/13 14:45:34 RESIZE
2015/07/13 14:45:34 RESIZE
2015/07/13 14:45:34 RESIZE
2015/07/13 14:45:34 RESIZE
2015/07/13 14:45:34 RESIZE
2015/07/13 14:45:34 RESIZE
2015/07/13 14:45:34 RESIZE
2015/07/13 14:45:34 RESIZE
2015/07/13 14:45:34 RESIZE
2015/07/13 14:45:34 RESIZE
2015/07/13 14:45:34 RESIZE
2015/07/13 14:45:34 RESIZE
2015/07/13 14:45:34 RESIZE
2015/07/13 14:45:34 RESIZE
2015/07/13 14:45:34 RESIZE
2015/07/13 14:45:34 RESIZE
2015/07/13 14:45:34 RESIZE
2015/07/13 14:45:34 RESIZE
2015/07/13 14:45:34 RESIZE
2015/07/13 14:45:34 RESIZE
2015/07/13 14:45:34 RESIZE
2015/07/13 14:45:34 RESIZE
2015/07/13 14:45:34 RESIZE
2015/07/13 14:45:34 RESIZE
2015/07/13 14:45:34 RESIZE
2015/07/13 14:45:34 RESIZE
2015/07/13 14:45:34 RESIZE
2015/07/13 14:45:34 RESIZE
2015/07/13 14:45:34 RESIZE
2015/07/13 14:45:34 RESIZE
2015/07/13 14:45:34 RESIZE
2015/07/13 14:45:34 RESIZE
2015/07/13 14:45:34 RESIZE
2015/07/13 14:45:34 RESIZE
2015/07/13 14:45:34 RESIZE
2015/07/13 14:45:34 RESIZE
2015/07/13 14:45:34 RESIZE
2015/07/13 14:45:34 RESIZE
2015/07/13 14:45:34 RESIZE
2015/07/13 14:45:34 RESIZE
2015/07/13 14:45:34 RESIZE
2015/07/13 14:45:34 RESIZE
2015/07/13 14:45:34 RESIZE
2015/07/13 14:45:34 RESIZE
2015/07/13 14:45:34 RESIZE
2015/07/13 14:45:34 RESIZE
2015/07/13 14:45:34 RESIZE
2015/07/13 14:45:34 RESIZE
2015/07/13 14:45:34 RESIZE
2015/07/13 14:45:34 RESIZE
2015/07/13 14:45:34 RESIZE
2015/07/13 14:45:34 RESIZE
2015/07/13 14:45:34 RESIZE
2015/07/13 14:45:34 RESIZE
2015/07/13 14:45:34 RESIZE
2015/07/13 14:45:34 RESIZE
2015/07/13 14:45:34 RESIZE
2015/07/13 14:45:34 RESIZE
2015/07/13 14:45:34 RESIZE
2015/07/13 14:45:34 RESIZE
2015/07/13 14:45:34 RESIZE
2015/07/13 14:45:34 RESIZE
2015/07/13 14:45:34 RESIZE
2015/07/13 14:45:34 RESIZE
2015/07/13 14:45:34 RESIZE
2015/07/13 14:45:34 RESIZE
2015/07/13 14:45:34 RESIZE
2015/07/13 14:45:34 RESIZE
2015/07/13 14:45:34 RESIZE
2015/07/13 14:45:34 RESIZE
2015/07/13 14:45:34 RESIZE
2015/07/13 14:45:34 RESIZE
2015/07/13 14:45:34 RESIZE
2015/07/13 14:45:34 RESIZE
2015/07/13 14:45:34 RESIZE
2015/07/13 14:45:34 RESIZE
2015/07/13 14:45:34 RESIZE
2015/07/13 14:45:34 RESIZE
2015/07/13 14:45:34 RESIZE
2015/07/13 14:45:34 RESIZE
2015/07/13 14:45:34 RESIZE
2015/07/13 14:45:35 RESIZE
2015/07/13 14:45:35 RESIZE
2015/07/13 14:45:35 RESIZE
2015/07/13 14:45:35 RESIZE
2015/07/13 14:45:35 RESIZE
2015/07/13 14:45:35 RESIZE
2015/07/13 14:45:35 RESIZE
2015/07/13 14:45:35 RESIZE
2015/07/13 14:45:35 RESIZE
2015/07/13 14:45:35 RESIZE
2015/07/13 14:45:35 RESIZE
2015/07/13 14:45:35 RESIZE
2015/07/13 14:45:35 RESIZE
2015/07/13 14:45:35 RESIZE
2015/07/13 14:45:35 RESIZE
2015/07/13 14:45:35 RESIZE
2015/07/13 14:45:35 RESIZE
2015/07/13 14:45:35 RESIZE
2015/07/13 14:45:35 RESIZE
2015/07/13 14:45:35 RESIZE
2015/07/13 14:45:35 RESIZE
2015/07/13 14:45:35 RESIZE
2015/07/13 14:45:35 RESIZE
2015/07/13 14:45:35 RESIZE
2015/07/13 14:45:35 RESIZE
2015/07/13 14:45:35 RESIZE
2015/07/13 14:45:35 RESIZE
2015/07/13 14:45:35 RESIZE
2015/07/13 14:45:35 RESIZE
2015/07/13 14:45:35 RESIZE
2015/07/13 14:45:35 RESIZE
2015/07/13 14:45:35 RESIZE
2015/07/13 14:45:35 RESIZE
2015/07/13 14:45:35 RESIZE
2015/07/13 14:45:35 RESIZE
2015/07/13 14:45:35 RESIZE
2015/07/13 14:45:35 RESIZE
2015/07/13 14:45:35 RESIZE
2015/07/13 14:45:35 RESIZE
2015/07/13 14:45:35 RESIZE
2015/07/13 14:45:35 RESIZE
2015/07/13 14:45:35 RESIZE
2015/07/13 14:45:35 RESIZE
2015/07/13 14:45:35 RESIZE
2015/07/13 14:45:35 RESIZE
2015/07/13 14:45:35 RESIZE
2015/07/13 14:45:35 RESIZE
2015/07/13 14:45:35 RESIZE
2015/07/13 14:45:35 RESIZE
2015/07/13 14:45:35 RESIZE
2015/07/13 14:45:35 RESIZE
2015/07/13 14:45:35 RESIZE
2015/07/13 14:45:35 RESIZE
2015/07/13 14:45:35 RESIZE
2015/07/13 14:45:35 RESIZE
2015/07/13 14:45:35 RESIZE
2015/07/13 14:45:35 RESIZE
2015/07/13 14:45:35 RESIZE
2015/07/13 14:45:35 RESIZE
2015/07/13 14:45:35 RESIZE
2015/07/13 14:45:35 RESIZE
2015/07/13 14:45:35 RESIZE
2015/07/13 14:45:35 RESIZE
2015/07/13 14:45:35 RESIZE
2015/07/13 14:45:35 RESIZE
2015/07/13 14:45:35 RESIZE
2015/07/13 14:45:35 RESIZE
2015/07/13 14:45:35 RESIZE
2015/07/13 14:45:35 RESIZE
2015/07/13 14:45:35 RESIZE
2015/07/13 14:45:35 RESIZE
2015/07/13 14:45:35 RESIZE
2015/07/13 14:45:35 RESIZE
2015/07/13 14:45:35 RESIZE
2015/07/13 14:45:35 RESIZE
2015/07/13 14:45:35 RESIZE
2015/07/13 14:45:35 RESIZE
2015/07/13 14:45:35 RESIZE
2015/07/13 14:45:35 RESIZE
2015/07/13 14:45:35 RESIZE
2015/07/13 14:45:35 RESIZE
2015/07/13 14:45:35 RESIZE
2015/07/13 14:45:35 RESIZE
2015/07/13 14:45:35 RESIZE
2015/07/13 14:45:35 RESIZE
2015/07/13 14:45:35 RESIZE
2015/07/13 14:45:35 RESIZE
2015/07/13 14:45:35 RESIZE
2015/07/13 14:45:35 RESIZE
2015/07/13 14:45:35 RESIZE
2015/07/13 14:45:35 RESIZE
2015/07/13 14:45:35 RESIZE
2015/07/13 14:45:35 RESIZE
2015/07/13 14:45:35 RESIZE
2015/07/13 14:45:35 RESIZE
2015/07/13 14:45:35 RESIZE
2015/07/13 14:45:35 RESIZE
2015/07/13 14:45:35 RESIZE
2015/07/13 14:45:35 RESIZE
2015/07/13 14:45:35 RESIZE
2015/07/13 14:45:35 RESIZE
2015/07/13 14:45:35 RESIZE
2015/07/13 14:45:35 RESIZE
2015/07/13 14:45:35 RESIZE
2015/07/13 14:45:35 RESIZE
2015/07/13 14:45:35 RESIZE
2015/07/13 14:45:36 RESIZE
2015/07/13 14:45:36 RESIZE
2015/07/13 14:45:36 RESIZE
2015/07/13 14:45:36 RESIZE
2015/07/13 14:45:36 RESIZE
2015/07/13 14:45:36 RESIZE
2015/07/13 14:45:36 RESIZE
2015/07/13 14:45:36 RESIZE
2015/07/13 14:45:36 RESIZE
2015/07/13 14:45:36 RESIZE
2015/07/13 14:45:36 RESIZE
2015/07/13 14:45:36 RESIZE
2015/07/13 14:45:36 RESIZE
2015/07/13 14:45:36 RESIZE
2015/07/13 14:45:36 RESIZE
2015/07/13 14:45:36 RESIZE
2015/07/13 14:45:36 RESIZE
2015/07/13 14:45:36 RESIZE
2015/07/13 14:45:36 RESIZE
2015/07/13 14:45:36 RESIZE
2015/07/13 14:45:36 RESIZE
2015/07/13 14:45:36 RESIZE
2015/07/13 14:45:36 RESIZE
2015/07/13 14:45:36 RESIZE
2015/07/13 14:45:36 RESIZE
2015/07/13 14:45:36 RESIZE
2015/07/13 14:45:36 RESIZE
2015/07/13 14:45:36 RESIZE
2015/07/13 14:45:36 RESIZE
2015/07/13 14:45:36 RESIZE
2015/07/13 14:45:36 RESIZE
2015/07/13 14:45:36 RESIZE
2015/07/13 14:45:36 RESIZE
2015/07/13 14:45:36 RESIZE
2015/07/13 14:45:36 RESIZE
2015/07/13 14:45:36 RESIZE
2015/07/13 14:45:36 RESIZE
2015/07/13 14:45:36 RESIZE
2015/07/13 14:45:36 RESIZE
2015/07/13 14:45:36 RESIZE
2015/07/13 14:45:36 RESIZE
2015/07/13 14:45:36 RESIZE
2015/07/13 14:45:36 RESIZE
2015/07/13 14:45:36 RESIZE
2015/07/13 14:45:36 RESIZE
2015/07/13 14:45:36 RESIZE
2015/07/13 14:45:36 RESIZE
2015/07/13 14:45:36 RESIZE
2015/07/13 14:45:36 RESIZE
2015/07/13 14:45:36 RESIZE
2015/07/13 14:45:36 RESIZE
2015/07/13 14:45:36 RESIZE
2015/07/13 14:45:36 RESIZE
2015/07/13 14:45:36 RESIZE
2015/07/13 14:45:36 RESIZE
2015/07/13 14:45:36 RESIZE
2015/07/13 14:45:36 RESIZE
2015/07/13 14:45:36 RESIZE
2015/07/13 14:45:36 RESIZE
2015/07/13 14:45:36 RESIZE
2015/07/13 14:45:36 RESIZE
2015/07/13 14:45:36 RESIZE
2015/07/13 14:45:36 RESIZE
2015/07/13 14:45:36 RESIZE
2015/07/13 14:45:36 RESIZE
2015/07/13 14:45:36 RESIZE
2015/07/13 14:45:36 RESIZE
2015/07/13 14:45:36 RESIZE
2015/07/13 14:45:36 RESIZE
2015/07/13 14:45:36 RESIZE
2015/07/13 14:45:36 RESIZE
2015/07/13 14:45:36 RESIZE
2015/07/13 14:45:36 RESIZE
2015/07/13 14:45:36 RESIZE
2015/07/13 14:45:36 RESIZE
2015/07/13 14:45:36 RESIZE
2015/07/13 14:45:36 RESIZE
2015/07/13 14:45:36 RESIZE
2015/07/13 14:45:36 RESIZE
2015/07/13 14:45:36 RESIZE
2015/07/13 14:45:36 RESIZE
2015/07/13 14:45:36 RESIZE
2015/07/13 14:45:36 RESIZE
2015/07/13 14:45:36 RESIZE
2015/07/13 14:45:36 RESIZE
2015/07/13 14:45:36 RESIZE
2015/07/13 14:45:36 RESIZE
2015/07/13 14:45:36 RESIZE
2015/07/13 14:45:36 RESIZE
2015/07/13 14:45:36 RESIZE
2015/07/13 14:45:36 RESIZE
2015/07/13 14:45:36 RESIZE
2015/07/13 14:45:36 RESIZE
2015/07/13 14:45:36 RESIZE
2015/07/13 14:45:36 RESIZE
2015/07/13 14:45:36 RESIZE
2015/07/13 14:45:36 RESIZE
2015/07/13 14:45:36 RESIZE
2015/07/13 14:45:36 RESIZE
2015/07/13 14:45:36 RESIZE
2015/07/13 14:45:36 RESIZE
2015/07/13 14:45:36 RESIZE
2015/07/13 14:45:36 RESIZE
2015/07/13 14:45:36 RESIZE
2015/07/13 14:45:36 RESIZE
2015/07/13 14:45:36 RESIZE
2015/07/13 14:45:37 RESIZE
2015/07/13 14:45:37 RESIZE
2015/07/13 14:45:37 RESIZE
2015/07/13 14:45:37 RESIZE
2015/07/13 14:45:37 RESIZE
2015/07/13 14:45:37 RESIZE
2015/07/13 14:45:37 RESIZE
2015/07/13 14:45:37 RESIZE
2015/07/13 14:45:37 RESIZE
2015/07/13 14:45:37 RESIZE
2015/07/13 14:45:37 RESIZE
2015/07/13 14:45:37 RESIZE
2015/07/13 14:45:37 RESIZE
2015/07/13 14:45:37 RESIZE
2015/07/13 14:45:37 RESIZE
2015/07/13 14:45:37 RESIZE
2015/07/13 14:45:37 RESIZE
2015/07/13 14:45:37 RESIZE
2015/07/13 14:45:37 RESIZE
2015/07/13 14:45:37 RESIZE
2015/07/13 14:45:37 RESIZE
2015/07/13 14:45:37 RESIZE
2015/07/13 14:45:37 RESIZE
2015/07/13 14:45:37 RESIZE
2015/07/13 14:45:37 RESIZE
2015/07/13 14:45:37 RESIZE
2015/07/13 14:45:37 RESIZE
2015/07/13 14:45:37 RESIZE
2015/07/13 14:45:37 RESIZE
2015/07/13 14:45:37 RESIZE
2015/07/13 14:45:37 RESIZE
2015/07/13 14:45:37 RESIZE
2015/07/13 14:45:37 RESIZE
2015/07/13 14:45:37 RESIZE
2015/07/13 14:45:37 RESIZE
2015/07/13 14:45:37 RESIZE
2015/07/13 14:45:37 RESIZE
2015/07/13 14:45:37 RESIZE
2015/07/13 14:45:37 RESIZE
2015/07/13 14:45:37 RESIZE
2015/07/13 14:45:37 RESIZE
2015/07/13 14:45:37 RESIZE
2015/07/13 14:45:37 RESIZE
2015/07/13 14:45:37 RESIZE
2015/07/13 14:45:37 RESIZE
2015/07/13 14:45:37 RESIZE
2015/07/13 14:45:37 RESIZE
2015/07/13 14:45:37 RESIZE
2015/07/13 14:45:37 RESIZE
2015/07/13 14:45:37 RESIZE
2015/07/13 14:45:37 RESIZE
2015/07/13 14:45:37 RESIZE
2015/07/13 14:45:37 RESIZE
2015/07/13 14:45:37 RESIZE
2015/07/13 14:45:37 RESIZE
2015/07/13 14:45:37 RESIZE
2015/07/13 14:45:37 RESIZE
2015/07/13 14:45:37 RESIZE
2015/07/13 14:45:37 RESIZE
2015/07/13 14:45:37 RESIZE
2015/07/13 14:45:37 RESIZE
2015/07/13 14:45:37 RESIZE
2015/07/13 14:45:37 RESIZE
2015/07/13 14:45:37 RESIZE
2015/07/13 14:45:37 RESIZE
2015/07/13 14:45:37 RESIZE
2015/07/13 14:45:37 RESIZE
2015/07/13 14:45:37 RESIZE
2015/07/13 14:45:37 RESIZE
2015/07/13 14:45:37 RESIZE
2015/07/13 14:45:37 RESIZE
2015/07/13 14:45:37 RESIZE
2015/07/13 14:45:37 RESIZE
2015/07/13 14:45:37 RESIZE
2015/07/13 14:45:37 RESIZE
2015/07/13 14:45:37 RESIZE
2015/07/13 14:45:37 RESIZE
2015/07/13 14:45:37 RESIZE
2015/07/13 14:45:37 RESIZE
2015/07/13 14:45:37 RESIZE
2015/07/13 14:45:37 RESIZE
2015/07/13 14:45:37 RESIZE
2015/07/13 14:45:37 RESIZE
2015/07/13 14:45:37 RESIZE
2015/07/13 14:45:37 RESIZE
2015/07/13 14:45:37 RESIZE
2015/07/13 14:45:37 RESIZE
2015/07/13 14:45:37 RESIZE
2015/07/13 14:45:37 RESIZE
2015/07/13 14:45:37 RESIZE
2015/07/13 14:45:37 RESIZE
2015/07/13 14:45:37 RESIZE
2015/07/13 14:45:37 RESIZE
2015/07/13 14:45:37 RESIZE
2015/07/13 14:45:37 RESIZE
2015/07/13 14:45:37 RESIZE
2015/07/13 14:45:37 RESIZE
2015/07/13 14:45:37 RESIZE
2015/07/13 14:45:37 RESIZE
2015/07/13 14:45:37 RESIZE
2015/07/13 14:45:37 RESIZE
2015/07/13 14:45:37 RESIZE
2015/07/13 14:45:37 RESIZE
2015/07/13 14:45:37 RESIZE
2015/07/13 14:45:37 RESIZE
2015/07/13 14:45:37 RESIZE
2015/07/13 14:45:38 RESIZE
2015/07/13 14:45:38 RESIZE
2015/07/13 14:45:38 RESIZE
2015/07/13 14:45:38 RESIZE
2015/07/13 14:45:38 RESIZE
2015/07/13 14:45:38 RESIZE
2015/07/13 14:45:38 RESIZE
2015/07/13 14:45:38 RESIZE
2015/07/13 14:45:38 RESIZE
2015/07/13 14:45:38 RESIZE
2015/07/13 14:45:38 RESIZE
2015/07/13 14:45:38 RESIZE
2015/07/13 14:45:38 RESIZE
2015/07/13 14:45:38 RESIZE
2015/07/13 14:45:38 RESIZE
2015/07/13 14:45:38 RESIZE
2015/07/13 14:45:38 RESIZE
2015/07/13 14:45:38 RESIZE
2015/07/13 14:45:38 RESIZE
2015/07/13 14:45:38 RESIZE
2015/07/13 14:45:38 RESIZE
2015/07/13 14:45:38 RESIZE
2015/07/13 14:45:38 RESIZE
2015/07/13 14:45:38 RESIZE
2015/07/13 14:45:38 RESIZE
2015/07/13 14:45:38 RESIZE
2015/07/13 14:45:38 RESIZE
2015/07/13 14:45:38 RESIZE
2015/07/13 14:45:38 RESIZE
2015/07/13 14:45:38 RESIZE
2015/07/13 14:45:38 RESIZE
2015/07/13 14:45:38 RESIZE
2015/07/13 14:45:38 RESIZE
2015/07/13 14:45:38 RESIZE
2015/07/13 14:45:38 RESIZE
2015/07/13 14:45:38 RESIZE
2015/07/13 14:45:38 RESIZE
2015/07/13 14:45:38 RESIZE
2015/07/13 14:45:38 RESIZE
2015/07/13 14:45:38 RESIZE
2015/07/13 14:45:38 RESIZE
2015/07/13 14:45:38 RESIZE
2015/07/13 14:45:38 RESIZE
2015/07/13 14:45:38 RESIZE
2015/07/13 14:45:38 RESIZE
2015/07/13 14:45:38 RESIZE
2015/07/13 14:45:38 RESIZE
2015/07/13 14:45:38 RESIZE
2015/07/13 14:45:38 RESIZE
2015/07/13 14:45:38 RESIZE
2015/07/13 14:45:38 RESIZE
2015/07/13 14:45:38 RESIZE
2015/07/13 14:45:38 RESIZE
2015/07/13 14:45:38 RESIZE
2015/07/13 14:45:38 RESIZE
2015/07/13 14:45:38 RESIZE
2015/07/13 14:45:38 RESIZE
2015/07/13 14:45:38 RESIZE
2015/07/13 14:45:38 RESIZE
2015/07/13 14:45:38 RESIZE
2015/07/13 14:45:38 RESIZE
2015/07/13 14:45:38 RESIZE
2015/07/13 14:45:38 RESIZE
2015/07/13 14:45:38 RESIZE
2015/07/13 14:45:38 RESIZE
2015/07/13 14:45:38 RESIZE
2015/07/13 14:45:38 RESIZE
2015/07/13 14:45:38 RESIZE
2015/07/13 14:45:38 RESIZE
2015/07/13 14:45:38 RESIZE
2015/07/13 14:45:38 RESIZE
2015/07/13 14:45:38 RESIZE
2015/07/13 14:45:38 RESIZE
2015/07/13 14:45:38 RESIZE
2015/07/13 14:45:38 RESIZE
2015/07/13 14:45:38 RESIZE
2015/07/13 14:45:38 RESIZE
2015/07/13 14:45:38 RESIZE
2015/07/13 14:45:38 RESIZE
2015/07/13 14:45:38 RESIZE
2015/07/13 14:45:38 RESIZE
2015/07/13 14:45:38 RESIZE
2015/07/13 14:45:38 RESIZE
2015/07/13 14:45:38 RESIZE
2015/07/13 14:45:38 RESIZE
2015/07/13 14:45:38 RESIZE
2015/07/13 14:45:38 RESIZE
2015/07/13 14:45:38 RESIZE
2015/07/13 14:45:38 RESIZE
2015/07/13 14:45:38 RESIZE
2015/07/13 14:45:38 RESIZE
2015/07/13 14:45:38 RESIZE
2015/07/13 14:45:38 RESIZE
2015/07/13 14:45:38 RESIZE
2015/07/13 14:45:38 RESIZE
2015/07/13 14:45:38 RESIZE
2015/07/13 14:45:38 RESIZE
2015/07/13 14:45:38 RESIZE
2015/07/13 14:45:38 RESIZE
2015/07/13 14:45:38 RESIZE
2015/07/13 14:45:38 RESIZE
2015/07/13 14:45:38 RESIZE
2015/07/13 14:45:38 RESIZE
2015/07/13 14:45:38 RESIZE
2015/07/13 14:45:38 RESIZE
2015/07/13 14:45:38 RESIZE
2015/07/13 14:45:39 RESIZE
2015/07/13 14:45:39 RESIZE
2015/07/13 14:45:39 RESIZE
2015/07/13 14:45:39 RESIZE
2015/07/13 14:45:39 RESIZE
2015/07/13 14:45:39 RESIZE
2015/07/13 14:45:39 RESIZE
2015/07/13 14:45:39 RESIZE
2015/07/13 14:45:39 RESIZE
2015/07/13 14:45:39 RESIZE
2015/07/13 14:45:39 RESIZE
2015/07/13 14:45:39 RESIZE
2015/07/13 14:45:39 RESIZE
2015/07/13 14:45:39 RESIZE
2015/07/13 14:45:39 RESIZE
2015/07/13 14:45:39 RESIZE
2015/07/13 14:45:39 RESIZE
2015/07/13 14:45:39 RESIZE
2015/07/13 14:45:39 RESIZE
2015/07/13 14:45:39 RESIZE
2015/07/13 14:45:39 RESIZE
2015/07/13 14:45:39 RESIZE
2015/07/13 14:45:39 RESIZE
2015/07/13 14:45:39 RESIZE
2015/07/13 14:45:39 RESIZE
2015/07/13 14:45:39 RESIZE
2015/07/13 14:45:39 RESIZE
2015/07/13 14:45:39 RESIZE
2015/07/13 14:45:39 RESIZE
2015/07/13 14:45:39 RESIZE
2015/07/13 14:45:39 RESIZE
2015/07/13 14:45:39 RESIZE
2015/07/13 14:45:39 RESIZE
2015/07/13 14:45:39 RESIZE
2015/07/13 14:45:39 RESIZE
2015/07/13 14:45:39 RESIZE
2015/07/13 14:45:39 RESIZE
2015/07/13 14:45:39 RESIZE
2015/07/13 14:45:39 RESIZE
2015/07/13 14:45:39 RESIZE
2015/07/13 14:45:39 RESIZE
2015/07/13 14:45:39 RESIZE
2015/07/13 14:45:39 RESIZE
2015/07/13 14:45:39 RESIZE
2015/07/13 14:45:39 RESIZE
2015/07/13 14:45:39 RESIZE
2015/07/13 14:45:39 RESIZE
2015/07/13 14:45:39 RESIZE
2015/07/13 14:45:39 RESIZE
2015/07/13 14:45:39 RESIZE
2015/07/13 14:45:39 RESIZE
2015/07/13 14:45:39 RESIZE
2015/07/13 14:45:39 RESIZE
2015/07/13 14:45:39 RESIZE
2015/07/13 14:45:39 RESIZE
2015/07/13 14:45:39 RESIZE
2015/07/13 14:45:39 RESIZE
2015/07/13 14:45:39 RESIZE
2015/07/13 14:45:39 RESIZE
2015/07/13 14:45:39 RESIZE
2015/07/13 14:45:39 RESIZE
2015/07/13 14:45:39 RESIZE
2015/07/13 14:45:39 RESIZE
2015/07/13 14:45:39 RESIZE
2015/07/13 14:45:39 RESIZE
2015/07/13 14:45:39 RESIZE
2015/07/13 14:45:39 RESIZE
2015/07/13 14:45:39 RESIZE
2015/07/13 14:45:39 RESIZE
2015/07/13 14:45:39 RESIZE
2015/07/13 14:45:39 RESIZE
2015/07/13 14:45:39 RESIZE
2015/07/13 14:45:39 RESIZE
2015/07/13 14:45:39 RESIZE
2015/07/13 14:45:39 RESIZE
2015/07/13 14:45:39 RESIZE
2015/07/13 14:45:39 RESIZE
2015/07/13 14:45:39 RESIZE
2015/07/13 14:45:39 RESIZE
2015/07/13 14:45:39 RESIZE
2015/07/13 14:45:39 RESIZE
2015/07/13 14:45:39 RESIZE
2015/07/13 14:45:39 RESIZE
2015/07/13 14:45:39 RESIZE
2015/07/13 14:45:39 RESIZE
2015/07/13 14:45:39 RESIZE
2015/07/13 14:45:39 RESIZE
2015/07/13 14:45:39 RESIZE
2015/07/13 14:45:39 RESIZE
2015/07/13 14:45:39 RESIZE
2015/07/13 14:45:39 RESIZE
2015/07/13 14:45:39 RESIZE
2015/07/13 14:45:39 RESIZE
2015/07/13 14:45:39 RESIZE
2015/07/13 14:45:39 RESIZE
2015/07/13 14:45:39 RESIZE
2015/07/13 14:45:39 RESIZE
2015/07/13 14:45:39 RESIZE
2015/07/13 14:45:39 RESIZE
2015/07/13 14:45:39 RESIZE
2015/07/13 14:45:39 RESIZE
2015/07/13 14:45:39 RESIZE
2015/07/13 14:45:39 RESIZE
2015/07/13 14:45:39 RESIZE
2015/07/13 14:45:39 RESIZE
2015/07/13 14:45:39 RESIZE
2015/07/13 14:45:40 RESIZE
2015/07/13 14:45:40 RESIZE
2015/07/13 14:45:40 RESIZE
2015/07/13 14:45:40 RESIZE
2015/07/13 14:45:40 RESIZE
2015/07/13 14:45:40 RESIZE
2015/07/13 14:45:40 RESIZE
2015/07/13 14:45:40 RESIZE
2015/07/13 14:45:40 RESIZE
2015/07/13 14:45:40 RESIZE
2015/07/13 14:45:40 RESIZE
2015/07/13 14:45:40 RESIZE
2015/07/13 14:45:40 RESIZE
2015/07/13 14:45:40 RESIZE
2015/07/13 14:45:40 RESIZE
2015/07/13 14:45:40 RESIZE
2015/07/13 14:45:40 RESIZE
2015/07/13 14:45:40 RESIZE
2015/07/13 14:45:40 RESIZE
2015/07/13 14:45:40 RESIZE
2015/07/13 14:45:40 RESIZE
2015/07/13 14:45:40 RESIZE
2015/07/13 14:45:40 RESIZE
2015/07/13 14:45:40 RESIZE
2015/07/13 14:45:40 RESIZE
2015/07/13 14:45:40 RESIZE
2015/07/13 14:45:40 RESIZE
2015/07/13 14:45:40 RESIZE
2015/07/13 14:45:40 RESIZE
2015/07/13 14:45:40 RESIZE
2015/07/13 14:45:40 RESIZE
2015/07/13 14:45:40 RESIZE
2015/07/13 14:45:40 RESIZE
2015/07/13 14:45:40 RESIZE
2015/07/13 14:45:40 RESIZE
2015/07/13 14:45:40 RESIZE
2015/07/13 14:45:40 RESIZE
2015/07/13 14:45:40 RESIZE
2015/07/13 14:45:40 RESIZE
2015/07/13 14:45:40 RESIZE
2015/07/13 14:45:40 RESIZE
2015/07/13 14:45:40 RESIZE
2015/07/13 14:45:40 RESIZE
2015/07/13 14:45:40 RESIZE
2015/07/13 14:45:40 RESIZE
2015/07/13 14:45:40 RESIZE
2015/07/13 14:45:40 RESIZE
2015/07/13 14:45:40 RESIZE
2015/07/13 14:45:40 RESIZE
2015/07/13 14:45:40 RESIZE
2015/07/13 14:45:40 RESIZE
2015/07/13 14:45:40 RESIZE
2015/07/13 14:45:40 RESIZE
2015/07/13 14:45:40 RESIZE
2015/07/13 14:45:40 RESIZE
2015/07/13 14:45:40 RESIZE
2015/07/13 14:45:40 RESIZE
2015/07/13 14:45:40 RESIZE
2015/07/13 14:45:40 RESIZE
2015/07/13 14:45:40 RESIZE
2015/07/13 14:45:40 RESIZE
2015/07/13 14:45:40 RESIZE
2015/07/13 14:45:40 RESIZE
2015/07/13 14:45:40 RESIZE
2015/07/13 14:45:40 RESIZE
2015/07/13 14:45:40 RESIZE
2015/07/13 14:45:40 RESIZE
2015/07/13 14:45:40 RESIZE
2015/07/13 14:45:40 RESIZE
2015/07/13 14:45:40 RESIZE
2015/07/13 14:45:40 RESIZE
2015/07/13 14:45:40 RESIZE
2015/07/13 14:45:40 RESIZE
2015/07/13 14:45:40 RESIZE
2015/07/13 14:45:40 RESIZE
2015/07/13 14:45:40 RESIZE
2015/07/13 14:45:40 RESIZE
2015/07/13 14:45:40 RESIZE
2015/07/13 14:45:40 RESIZE
2015/07/13 14:45:40 RESIZE
2015/07/13 14:45:40 RESIZE
2015/07/13 14:45:40 RESIZE
2015/07/13 14:45:40 RESIZE
2015/07/13 14:45:40 RESIZE
2015/07/13 14:45:40 RESIZE
2015/07/13 14:45:40 RESIZE
2015/07/13 14:45:40 RESIZE
2015/07/13 14:45:40 RESIZE
2015/07/13 14:45:40 RESIZE
2015/07/13 14:45:40 RESIZE
2015/07/13 14:45:40 RESIZE
2015/07/13 14:45:40 RESIZE
2015/07/13 14:45:40 RESIZE
2015/07/13 14:45:40 RESIZE
2015/07/13 14:45:40 RESIZE
2015/07/13 14:45:40 RESIZE
2015/07/13 14:45:40 RESIZE
2015/07/13 14:45:40 RESIZE
2015/07/13 14:45:40 RESIZE
2015/07/13 14:45:40 RESIZE
2015/07/13 14:45:40 RESIZE
2015/07/13 14:45:40 RESIZE
2015/07/13 14:45:40 RESIZE
2015/07/13 14:45:40 RESIZE
2015/07/13 14:45:40 RESIZE
2015/07/13 14:45:40 RESIZE
2015/07/13 14:45:41 RESIZE
2015/07/13 14:45:41 RESIZE
2015/07/13 14:45:41 RESIZE
2015/07/13 14:45:41 RESIZE
2015/07/13 14:45:41 RESIZE
2015/07/13 14:45:41 RESIZE
2015/07/13 14:45:41 RESIZE
2015/07/13 14:45:41 RESIZE
2015/07/13 14:45:41 RESIZE
2015/07/13 14:45:41 RESIZE
2015/07/13 14:45:41 RESIZE
2015/07/13 14:45:41 RESIZE
2015/07/13 14:45:41 RESIZE
2015/07/13 14:45:41 RESIZE
2015/07/13 14:45:41 RESIZE
2015/07/13 14:45:41 RESIZE
2015/07/13 14:45:41 RESIZE
2015/07/13 14:45:41 RESIZE
2015/07/13 14:45:41 RESIZE
2015/07/13 14:45:41 RESIZE
2015/07/13 14:45:41 RESIZE
2015/07/13 14:45:41 RESIZE
2015/07/13 14:45:41 RESIZE
2015/07/13 14:45:41 RESIZE
2015/07/13 14:45:41 RESIZE
2015/07/13 14:45:41 RESIZE
2015/07/13 14:45:41 RESIZE
2015/07/13 14:45:41 RESIZE
2015/07/13 14:45:41 RESIZE
2015/07/13 14:45:41 RESIZE
2015/07/13 14:45:41 RESIZE
2015/07/13 14:45:41 RESIZE
2015/07/13 14:45:41 RESIZE
2015/07/13 14:45:41 RESIZE
2015/07/13 14:45:41 RESIZE
2015/07/13 14:45:41 RESIZE
2015/07/13 14:45:41 RESIZE
2015/07/13 14:45:41 RESIZE
2015/07/13 14:45:41 RESIZE
2015/07/13 14:45:41 RESIZE
2015/07/13 14:45:41 RESIZE
2015/07/13 14:45:41 RESIZE
2015/07/13 14:45:41 RESIZE
2015/07/13 14:45:41 RESIZE
2015/07/13 14:45:41 RESIZE
2015/07/13 14:45:41 RESIZE
2015/07/13 14:45:41 RESIZE
2015/07/13 14:45:41 RESIZE
2015/07/13 14:45:41 RESIZE
2015/07/13 14:45:41 RESIZE
2015/07/13 14:45:41 RESIZE
2015/07/13 14:45:41 RESIZE
2015/07/13 14:45:41 RESIZE
2015/07/13 14:45:41 RESIZE
2015/07/13 14:45:41 RESIZE
2015/07/13 14:45:41 RESIZE
2015/07/13 14:45:41 RESIZE
2015/07/13 14:45:41 RESIZE
2015/07/13 14:45:41 RESIZE
2015/07/13 14:45:41 RESIZE
2015/07/13 14:45:41 RESIZE
2015/07/13 14:45:41 RESIZE
2015/07/13 14:45:41 RESIZE
2015/07/13 14:45:41 RESIZE
2015/07/13 14:45:41 RESIZE
2015/07/13 14:45:41 RESIZE
2015/07/13 14:45:41 RESIZE
2015/07/13 14:45:41 RESIZE
2015/07/13 14:45:41 RESIZE
2015/07/13 14:45:41 RESIZE
2015/07/13 14:45:41 RESIZE
2015/07/13 14:45:41 RESIZE
2015/07/13 14:45:41 RESIZE
2015/07/13 14:45:41 RESIZE
2015/07/13 14:45:41 RESIZE
2015/07/13 14:45:41 RESIZE
2015/07/13 14:45:41 RESIZE
2015/07/13 14:45:41 RESIZE
2015/07/13 14:45:41 RESIZE
2015/07/13 14:45:41 RESIZE
2015/07/13 14:45:41 RESIZE
2015/07/13 14:45:41 RESIZE
2015/07/13 14:45:41 RESIZE
2015/07/13 14:45:41 RESIZE
2015/07/13 14:45:41 RESIZE
2015/07/13 14:45:41 RESIZE
2015/07/13 14:45:41 RESIZE
2015/07/13 14:45:41 RESIZE
2015/07/13 14:45:41 RESIZE
2015/07/13 14:45:41 RESIZE
2015/07/13 14:45:41 RESIZE
2015/07/13 14:45:41 RESIZE
2015/07/13 14:45:41 RESIZE
2015/07/13 14:45:41 RESIZE
2015/07/13 14:45:41 RESIZE
2015/07/13 14:45:41 RESIZE
2015/07/13 14:45:41 RESIZE
2015/07/13 14:45:41 RESIZE
2015/07/13 14:45:41 RESIZE
2015/07/13 14:45:41 RESIZE
2015/07/13 14:45:41 RESIZE
2015/07/13 14:45:41 RESIZE
2015/07/13 14:45:41 RESIZE
2015/07/13 14:45:41 RESIZE
2015/07/13 14:45:41 RESIZE
2015/07/13 14:45:41 RESIZE
2015/07/13 14:45:42 RESIZE
2015/07/13 14:45:42 RESIZE
2015/07/13 14:45:42 RESIZE
2015/07/13 14:45:42 RESIZE
2015/07/13 14:45:42 RESIZE
2015/07/13 14:45:42 RESIZE
2015/07/13 14:45:42 RESIZE
2015/07/13 14:45:42 RESIZE
2015/07/13 14:45:42 RESIZE
2015/07/13 14:45:42 RESIZE
2015/07/13 14:45:42 RESIZE
2015/07/13 14:45:42 RESIZE
2015/07/13 14:45:42 RESIZE
2015/07/13 14:45:42 RESIZE
2015/07/13 14:45:42 RESIZE
2015/07/13 14:45:42 RESIZE
2015/07/13 14:45:42 RESIZE
2015/07/13 14:45:42 RESIZE
2015/07/13 14:45:42 RESIZE
2015/07/13 14:45:42 RESIZE
2015/07/13 14:45:42 RESIZE
2015/07/13 14:45:42 RESIZE
2015/07/13 14:45:42 RESIZE
2015/07/13 14:45:42 RESIZE
2015/07/13 14:45:42 RESIZE
2015/07/13 14:45:42 RESIZE
2015/07/13 14:45:42 RESIZE
2015/07/13 14:45:42 RESIZE
2015/07/13 14:45:42 RESIZE
2015/07/13 14:45:42 RESIZE
2015/07/13 14:45:42 RESIZE
2015/07/13 14:45:42 RESIZE
2015/07/13 14:45:42 RESIZE
2015/07/13 14:45:42 RESIZE
2015/07/13 14:45:42 RESIZE
2015/07/13 14:45:42 RESIZE
2015/07/13 14:45:42 RESIZE
2015/07/13 14:45:42 RESIZE
2015/07/13 14:45:42 RESIZE
2015/07/13 14:45:42 RESIZE
2015/07/13 14:45:42 RESIZE
2015/07/13 14:45:42 RESIZE
2015/07/13 14:45:42 RESIZE
2015/07/13 14:45:42 RESIZE
2015/07/13 14:45:42 RESIZE
2015/07/13 14:45:42 RESIZE
2015/07/13 14:45:42 RESIZE
2015/07/13 14:45:42 RESIZE
2015/07/13 14:45:42 RESIZE
2015/07/13 14:45:42 RESIZE
2015/07/13 14:45:42 RESIZE
2015/07/13 14:45:42 RESIZE
2015/07/13 14:45:42 RESIZE
2015/07/13 14:45:42 RESIZE
2015/07/13 14:45:42 RESIZE
2015/07/13 14:45:42 RESIZE
2015/07/13 14:45:42 RESIZE
2015/07/13 14:45:42 RESIZE
2015/07/13 14:45:42 RESIZE
2015/07/13 14:45:42 RESIZE
2015/07/13 14:45:42 RESIZE
2015/07/13 14:45:42 RESIZE
2015/07/13 14:45:42 RESIZE
2015/07/13 14:45:42 RESIZE
2015/07/13 14:45:42 RESIZE
2015/07/13 14:45:42 RESIZE
2015/07/13 14:45:42 RESIZE
2015/07/13 14:45:42 RESIZE
2015/07/13 14:45:42 RESIZE
2015/07/13 14:45:42 RESIZE
2015/07/13 14:45:42 RESIZE
2015/07/13 14:45:42 RESIZE
2015/07/13 14:45:42 RESIZE
2015/07/13 14:45:42 RESIZE
2015/07/13 14:45:42 RESIZE
2015/07/13 14:45:42 RESIZE
2015/07/13 14:45:42 RESIZE
2015/07/13 14:45:42 RESIZE
2015/07/13 14:45:42 RESIZE
2015/07/13 14:45:42 RESIZE
2015/07/13 14:45:42 RESIZE
2015/07/13 14:45:42 RESIZE
2015/07/13 14:45:42 RESIZE
2015/07/13 14:45:42 RESIZE
2015/07/13 14:45:42 RESIZE
2015/07/13 14:45:42 RESIZE
2015/07/13 14:45:42 RESIZE
2015/07/13 14:45:42 RESIZE
2015/07/13 14:45:42 RESIZE
2015/07/13 14:45:42 RESIZE
2015/07/13 14:45:42 RESIZE
2015/07/13 14:45:42 RESIZE
2015/07/13 14:45:42 RESIZE
2015/07/13 14:45:42 RESIZE
2015/07/13 14:45:42 RESIZE
2015/07/13 14:45:42 RESIZE
2015/07/13 14:45:42 RESIZE
2015/07/13 14:45:42 RESIZE
2015/07/13 14:45:42 RESIZE
2015/07/13 14:45:42 RESIZE
2015/07/13 14:45:42 RESIZE
2015/07/13 14:45:42 RESIZE
2015/07/13 14:45:42 RESIZE
2015/07/13 14:45:42 RESIZE
2015/07/13 14:45:42 RESIZE
2015/07/13 14:45:42 RESIZE
2015/07/13 14:45:43 RESIZE
2015/07/13 14:45:43 RESIZE
2015/07/13 14:45:43 RESIZE
2015/07/13 14:45:43 RESIZE
2015/07/13 14:45:43 RESIZE
2015/07/13 14:45:43 RESIZE
2015/07/13 14:45:43 RESIZE
2015/07/13 14:45:43 RESIZE
2015/07/13 14:45:43 RESIZE
2015/07/13 14:45:43 RESIZE
2015/07/13 14:45:43 RESIZE
2015/07/13 14:45:43 RESIZE
2015/07/13 14:45:43 RESIZE
2015/07/13 14:45:43 RESIZE
2015/07/13 14:45:43 RESIZE
2015/07/13 14:45:43 RESIZE
2015/07/13 14:45:43 RESIZE
2015/07/13 14:45:43 RESIZE
2015/07/13 14:45:43 RESIZE
2015/07/13 14:45:43 RESIZE
2015/07/13 14:45:43 RESIZE
2015/07/13 14:45:43 RESIZE
2015/07/13 14:45:43 RESIZE
2015/07/13 14:45:43 RESIZE
2015/07/13 14:45:43 RESIZE
2015/07/13 14:45:43 RESIZE
2015/07/13 14:45:43 RESIZE
2015/07/13 14:45:43 RESIZE
2015/07/13 14:45:43 RESIZE
2015/07/13 14:45:43 RESIZE
2015/07/13 14:45:43 RESIZE
2015/07/13 14:45:43 RESIZE
2015/07/13 14:45:43 RESIZE
2015/07/13 14:45:43 RESIZE
2015/07/13 14:45:43 RESIZE
2015/07/13 14:45:43 RESIZE
2015/07/13 14:45:43 RESIZE
2015/07/13 14:45:43 RESIZE
2015/07/13 14:45:43 RESIZE
2015/07/13 14:45:43 RESIZE
2015/07/13 14:45:43 RESIZE
2015/07/13 14:45:43 RESIZE
2015/07/13 14:45:43 RESIZE
2015/07/13 14:45:43 RESIZE
2015/07/13 14:45:43 RESIZE
2015/07/13 14:45:43 RESIZE
2015/07/13 14:45:43 RESIZE
2015/07/13 14:45:43 RESIZE
2015/07/13 14:45:43 RESIZE
2015/07/13 14:45:43 RESIZE
2015/07/13 14:45:43 RESIZE
2015/07/13 14:45:43 RESIZE
2015/07/13 14:45:43 RESIZE
2015/07/13 14:45:43 RESIZE
2015/07/13 14:45:43 RESIZE
2015/07/13 14:45:43 RESIZE
2015/07/13 14:45:43 RESIZE
2015/07/13 14:45:43 RESIZE
2015/07/13 14:45:43 RESIZE
2015/07/13 14:45:43 RESIZE
2015/07/13 14:45:43 RESIZE
2015/07/13 14:45:43 RESIZE
2015/07/13 14:45:43 RESIZE
2015/07/13 14:45:43 RESIZE
2015/07/13 14:45:43 RESIZE
2015/07/13 14:45:43 RESIZE
2015/07/13 14:45:43 RESIZE
2015/07/13 14:45:43 RESIZE
2015/07/13 14:45:43 RESIZE
2015/07/13 14:45:43 RESIZE
2015/07/13 14:45:43 RESIZE
2015/07/13 14:45:43 RESIZE
2015/07/13 14:45:43 RESIZE
2015/07/13 14:45:43 RESIZE
2015/07/13 14:45:43 RESIZE
2015/07/13 14:45:43 RESIZE
2015/07/13 14:46:45 LOG STARTED
2015/07/13 14:46:45 RESIZE
2015/07/13 14:46:48 RESIZE
2015/07/13 14:46:48 RESIZE
2015/07/13 14:46:49 RESIZE
2015/07/13 14:46:49 RESIZE
2015/07/13 14:46:51 RESIZE
2015/07/13 14:46:51 RESIZE
2015/07/13 14:46:51 RESIZE
2015/07/13 14:46:51 RESIZE
2015/07/13 14:46:52 RESIZE
2015/07/13 14:46:54 LOG STOPPED
2015/07/13 14:47:05 LOG STARTED
2015/07/13 14:47:05 RESIZE
2015/07/13 14:47:06 RESIZE
2015/07/13 14:47:07 RESIZE
2015/07/13 14:47:07 RESIZE
2015/07/13 14:47:09 RESIZE
2015/07/13 14:47:09 RESIZE
2015/07/13 14:47:10 RESIZE
2015/07/13 14:47:11 RESIZE
2015/07/13 14:47:12 RESIZE
2015/07/13 14:47:14 LOG STOPPED
2015/07/13 14:47:45 LOG STARTED
2015/07/13 14:47:54 LOG STOPPED
2015/07/13 15:06:25 LOG STARTED
2015/07/13 15:06:26 RESIZE
2015/07/13 15:06:38 LOG STOPPED
2015/07/13 15:08:11 LOG STARTED
2015/07/13 15:08:14 RESIZE 109 31
2015/07/13 15:08:18 LOG STOPPED
2015/07/13 15:08:28 LOG STARTED
2015/07/13 15:08:30 RESIZE 109 31
2015/07/13 15:08:38 LOG STOPPED
2015/07/13 15:09:31 LOG STARTED
2015/07/13 15:09:31 RESIZE 109 31
2015/07/13 15:09:33 RESIZE 109 31
2015/07/13 15:09:37 LOG STOPPED
2015/07/13 15:09:43 LOG STARTED
2015/07/13 15:09:45 RESIZE 109 31
2015/07/13 15:09:49 RESIZE 109 31
2015/07/13 15:09:53 LOG STOPPED
2015/07/13 15:31:22 LOG STARTED
2015/07/13 15:31:30 RESIZE 109 31
2015/07/13 15:31:40 RESIZE 109 31
2015/07/13 15:31:46 RESIZE 109 31
2015/07/13 15:31:50 RESIZE 109 31
2015/07/13 15:31:57 RESIZE 109 31
2015/07/13 15:32:06 RESIZE 109 31
2015/07/13 15:32:10 LOG STOPPED
2015/07/13 15:33:47 LOG STARTED
2015/07/13 15:33:48 RESIZE 109 31
2015/07/13 15:33:54 RESIZE 212 64
2015/07/13 15:33:54 RESIZE 212 64
2015/07/13 15:34:08 LOG STOPPED
2015/07/13 15:34:16 LOG STARTED
2015/07/13 15:34:18 RESIZE 109 31
2015/07/13 15:34:25 RESIZE 212 64
2015/07/13 15:34:25 RESIZE 212 64
2015/07/13 15:34:28 LOG STOPPED
2015/07/13 15:34:49 LOG STARTED
2015/07/13 15:34:50 RESIZE 109 31
2015/07/13 15:34:55 LOG STOPPED
2015/07/13 15:37:32 LOG STARTED
2015/07/13 15:37:34 RESIZE 109 31
2015/07/13 15:37:38 RESIZE 212 64
2015/07/13 15:37:40 RESIZE 109 31
2015/07/13 15:37:42 RESIZE 212 64
2015/07/13 15:37:46 LOG STOPPED
2015/07/13 15:39:31 LOG STARTED
2015/07/13 15:39:32 RESIZE 109 31
2015/07/13 15:39:34 RESIZE 109 31
2015/07/13 15:39:35 RESIZE 109 31
2015/07/13 15:39:37 RESIZE 212 64
2015/07/13 15:39:40 RESIZE 109 31
2015/07/13 15:39:44 RESIZE 212 64
2015/07/13 15:43:44 LOG STOPPED
2015/07/13 15:44:00 LOG STARTED
2015/07/13 15:44:25 LOG STOPPED
2015/07/13 15:44:26 LOG STARTED
2015/07/13 15:44:52 LOG STOPPED
2015/07/13 15:44:53 LOG STARTED
2015/07/13 15:45:02 RESIZE 109 31
2015/07/13 15:45:21 RESIZE 212 64
2015/07/13 15:45:23 RESIZE 109 31
2015/07/13 15:45:26 RESIZE 212 64
2015/07/13 15:45:28 RESIZE 212 64
2015/07/13 15:46:41 RESIZE 212 64
2015/07/13 15:46:44 RESIZE 212 64
2015/07/13 15:46:45 RESIZE 212 64
2015/07/13 15:46:49 RESIZE 109 31
2015/07/13 15:46:57 RESIZE 212 64
2015/07/13 15:48:37 RESIZE 109 31
2015/07/13 15:49:06 LOG STOPPED
2015/07/13 15:50:46 LOG STARTED
2015/07/13 15:51:45 LOG STOPPED
2015/07/13 15:51:48 LOG STARTED
2015/07/13 15:52:02 LOG STOPPED
2015/07/13 15:52:10 LOG STARTED
2015/07/13 15:52:16 LOG STOPPED
2015/07/13 15:52:47 LOG STARTED
2015/07/13 15:52:58 LOG STOPPED
2015/07/13 15:53:20 LOG STARTED
2015/07/13 15:53:48 LOG STOPPED
2015/07/13 15:53:49 LOG STARTED
2015/07/13 15:53:59 LOG STOPPED
2015/07/13 15:57:48 LOG STARTED
2015/07/13 15:57:54 LOG STOPPED
2015/07/13 15:58:22 LOG STARTED
2015/07/13 15:58:37 LOG STOPPED
2015/07/13 15:59:30 LOG STARTED
2015/07/13 15:59:33 LOG STOPPED
2015/07/13 16:06:36 LOG STARTED
2015/07/13 16:06:54 LOG STOPPED
2015/07/13 16:06:57 LOG STARTED
2015/07/13 16:07:33 LOG STOPPED
2015/07/13 16:11:07 LOG STARTED
2015/07/13 16:11:20 LOG STOPPED
2015/07/14 16:26:29 LOG STARTED
2015/07/14 16:39:42 LOG STOPPED
2015/07/14 16:40:09 LOG STARTED
2015/07/14 16:40:11 113
2015/07/14 16:40:11 113
2015/07/14 16:40:11 113
2015/07/14 16:40:12 113
2015/07/14 16:40:12 113
2015/07/14 16:40:12 113
2015/07/14 16:40:12 113
2015/07/14 16:40:14 27
2015/07/14 16:40:14 LOG STOPPED
2015/07/14 16:40:33 LOG STARTED
2015/07/14 16:40:35 LOG STOPPED
2015/07/14 16:40:49 LOG STARTED
2015/07/14 16:40:51 LOG STOPPED
2015/07/14 16:42:53 LOG STARTED
2015/07/14 16:43:05 LOG STOPPED
2015/07/14 16:43:07 LOG STARTED
2015/07/14 16:43:08 LOG STOPPED
2015/07/14 16:43:31 LOG STARTED
2015/07/14 16:50:02 LOG STOPPED
2015/07/28 14:51:50 LOG STARTED
2015/07/28 14:59:13 LOG STARTED
2015/07/28 14:59:15 LOG STOPPED
2015/07/28 14:59:17 LOG STARTED
2015/07/28 14:59:19 LOG STOPPED
2015/07/28 14:59:20 LOG STARTED
2015/07/28 14:59:25 LOG STOPPED
2015/07/28 15:02:20 LOG STARTED
2015/07/28 21:15:26 LOG STOPPED
